# mahimahi mm-link (Uplink) [50mbps.trace] > /home/onojavoo/pantheon/data_profileA/bbr_mm_datalink_run1.log
# command line: 'mm-link' '50mbps.trace' '50mbps.trace' '--uplink-log=/home/onojavoo/pantheon/data_profileA/bbr_mm_datalink_run1.log' '--downlink-log=/home/onojavoo/pantheon/data_profileA/bbr_mm_acklink_run1.log' 'python' '/home/onojavoo/pantheon/src/experiments/tunnel_manager.py'
# queue: infinite
# init timestamp: 1744826161814
# base timestamp: 296
# mahimahi config: [delay 10 ms] 
296 + 80
296 + 52
296 + 80
346 # 1504
346 - 80 50
346 - 52 50
346 - 80 50
396 # 1504
446 # 1504
496 # 1504
520 + 80
546 # 1504
546 - 80 26
596 # 1504
646 # 1504
696 # 1504
746 # 1504
796 # 1504
840 + 80
846 # 1504
846 - 80 6
854 + 40
896 # 1504
896 - 40 42
946 # 1504
996 # 1504
1046 # 1504
1096 # 1504
1146 # 1504
1196 # 1504
1246 # 1504
1296 # 1504
1346 # 1504
1396 # 1504
1446 # 1504
1496 # 1504
1546 # 1504
1596 # 1504
1646 # 1504
1696 # 1504
1746 # 1504
1796 # 1504
1846 # 1504
1896 # 1504
1946 # 1504
1996 # 1504
2046 # 1504
2096 # 1504
2146 # 1504
2196 # 1504
2246 # 1504
2296 # 1504
2346 # 1504
2396 # 1504
2446 # 1504
2496 # 1504
2546 # 1504
2596 # 1504
2646 # 1504
2696 # 1504
2746 # 1504
2796 # 1504
2846 # 1504
2896 # 1504
2946 # 1504
2996 # 1504
3046 # 1504
3096 # 1504
3146 # 1504
3196 # 1504
3246 # 1504
3296 # 1504
3346 # 1504
3396 # 1504
3446 # 1504
3496 # 1504
3546 # 1504
3596 # 1504
3646 # 1504
3696 # 1504
3746 # 1504
3748 + 52
3796 # 1504
3796 - 52 48
3846 # 1504
3896 # 1504
3946 # 1504
3996 # 1504
4046 # 1504
4096 # 1504
4146 # 1504
4196 # 1504
4246 # 1504
4296 # 1504
4346 # 1504
4396 # 1504
4446 # 1504
4496 # 1504
4546 # 1504
4596 # 1504
4646 # 1504
4696 # 1504
4746 # 1504
4796 # 1504
4846 # 1504
4896 # 1504
4946 # 1504
4996 # 1504
5046 # 1504
5096 # 1504
5146 # 1504
5196 # 1504
5246 # 1504
5296 # 1504
5346 # 1504
5396 # 1504
5446 # 1504
5496 # 1504
5546 # 1504
5596 # 1504
5646 # 1504
5696 # 1504
5746 # 1504
5796 # 1504
5846 # 1504
5896 # 1504
5946 # 1504
5996 # 1504
6046 # 1504
6096 # 1504
6146 # 1504
6196 # 1504
6246 # 1504
6296 # 1504
6346 # 1504
6396 # 1504
6446 # 1504
6496 # 1504
6546 # 1504
6596 # 1504
6646 # 1504
6696 # 1504
6746 # 1504
6796 # 1504
6846 # 1504
6896 # 1504
6946 # 1504
6996 # 1504
7046 # 1504
7096 # 1504
7146 # 1504
7196 # 1504
7246 # 1504
7296 # 1504
7346 # 1504
7396 # 1504
7446 # 1504
7496 # 1504
7546 # 1504
7596 # 1504
7646 # 1504
7696 # 1504
7746 # 1504
7796 # 1504
7846 # 1504
7896 # 1504
7946 # 1504
7996 # 1504
8046 # 1504
8096 # 1504
8146 # 1504
8196 # 1504
8246 # 1504
8296 # 1504
8346 # 1504
8396 # 1504
8446 # 1504
8496 # 1504
8546 # 1504
8596 # 1504
8646 # 1504
8696 # 1504
8746 # 1504
8796 # 1504
8846 # 1504
8896 # 1504
8946 # 1504
8996 # 1504
9046 # 1504
9096 # 1504
9146 # 1504
9196 # 1504
9246 # 1504
9296 # 1504
9346 # 1504
9396 # 1504
9446 # 1504
9496 # 1504
9546 # 1504
9596 # 1504
9646 # 1504
9696 # 1504
9746 # 1504
9796 # 1504
9846 # 1504
9896 # 1504
9946 # 1504
9996 # 1504
10046 # 1504
10096 # 1504
10146 # 1504
10196 # 1504
10246 # 1504
10296 # 1504
10346 # 1504
10396 # 1504
10446 # 1504
10496 # 1504
10546 # 1504
10596 # 1504
10646 # 1504
10696 # 1504
10746 # 1504
10796 # 1504
10846 # 1504
10896 # 1504
10917 + 52
10946 # 1504
10946 - 52 29
10996 # 1504
11046 # 1504
11096 # 1504
11146 # 1504
11196 # 1504
11246 # 1504
11296 # 1504
11346 # 1504
11396 # 1504
11446 # 1504
11496 # 1504
11546 # 1504
11596 # 1504
11646 # 1504
11696 # 1504
11746 # 1504
11796 # 1504
11846 # 1504
11896 # 1504
11946 # 1504
11996 # 1504
12046 # 1504
12096 # 1504
12146 # 1504
12196 # 1504
12246 # 1504
12296 # 1504
12346 # 1504
12396 # 1504
12446 # 1504
12496 # 1504
12546 # 1504
12596 # 1504
12646 # 1504
12696 # 1504
12746 # 1504
12796 # 1504
12846 # 1504
12896 # 1504
12946 # 1504
12996 # 1504
13046 # 1504
13096 # 1504
13146 # 1504
13196 # 1504
13246 # 1504
13296 # 1504
13346 # 1504
13396 # 1504
13446 # 1504
13496 # 1504
13546 # 1504
13596 # 1504
13646 # 1504
13696 # 1504
13746 # 1504
13796 # 1504
13846 # 1504
13896 # 1504
13946 # 1504
13996 # 1504
14046 # 1504
14096 # 1504
14146 # 1504
14196 # 1504
14246 # 1504
14296 # 1504
14346 # 1504
14396 # 1504
14446 # 1504
14496 # 1504
14546 # 1504
14596 # 1504
14646 # 1504
14696 # 1504
14746 # 1504
14796 # 1504
14846 # 1504
14896 # 1504
14946 # 1504
14996 # 1504
15046 # 1504
15096 # 1504
15146 # 1504
15196 # 1504
15246 # 1504
15296 # 1504
15346 # 1504
15396 # 1504
15446 # 1504
15496 # 1504
15546 # 1504
15596 # 1504
15646 # 1504
15696 # 1504
15746 # 1504
15796 # 1504
15846 # 1504
15896 # 1504
15946 # 1504
15996 # 1504
16046 # 1504
16096 # 1504
16146 # 1504
16196 # 1504
16246 # 1504
16296 # 1504
16346 # 1504
16396 # 1504
16446 # 1504
16496 # 1504
16546 # 1504
16596 # 1504
16646 # 1504
16696 # 1504
16746 # 1504
16796 # 1504
16846 # 1504
16896 # 1504
16946 # 1504
16996 # 1504
17046 # 1504
17096 # 1504
17146 # 1504
17196 # 1504
17246 # 1504
17296 # 1504
17346 # 1504
17396 # 1504
17446 # 1504
17496 # 1504
17546 # 1504
17596 # 1504
17646 # 1504
17696 # 1504
17746 # 1504
17796 # 1504
17846 # 1504
17896 # 1504
17946 # 1504
17996 # 1504
18046 # 1504
18096 # 1504
18146 # 1504
18196 # 1504
18246 # 1504
18296 # 1504
18346 # 1504
18396 # 1504
18446 # 1504
18496 # 1504
18546 # 1504
18596 # 1504
18646 # 1504
18696 # 1504
18746 # 1504
18796 # 1504
18846 # 1504
18896 # 1504
18946 # 1504
18996 # 1504
19046 # 1504
19096 # 1504
19146 # 1504
19196 # 1504
19246 # 1504
19296 # 1504
19346 # 1504
19396 # 1504
19446 # 1504
19496 # 1504
19546 # 1504
19596 # 1504
19646 # 1504
19696 # 1504
19746 # 1504
19796 # 1504
19846 # 1504
19896 # 1504
19946 # 1504
19996 # 1504
20046 # 1504
20096 # 1504
20146 # 1504
20196 # 1504
20246 # 1504
20296 # 1504
20346 # 1504
20396 # 1504
20446 # 1504
20496 # 1504
20546 # 1504
20596 # 1504
20646 # 1504
20696 # 1504
20746 # 1504
20796 # 1504
20846 # 1504
20896 # 1504
20946 # 1504
20996 # 1504
21046 # 1504
21096 # 1504
21146 # 1504
21196 # 1504
21246 # 1504
21296 # 1504
21346 # 1504
21396 # 1504
21446 # 1504
21496 # 1504
21546 # 1504
21596 # 1504
21646 # 1504
21696 # 1504
21746 # 1504
21796 # 1504
21846 # 1504
21896 # 1504
21946 # 1504
21996 # 1504
22046 # 1504
22096 # 1504
22146 # 1504
22196 # 1504
22246 # 1504
22296 # 1504
22346 # 1504
22396 # 1504
22446 # 1504
22496 # 1504
22546 # 1504
22596 # 1504
22646 # 1504
22696 # 1504
22746 # 1504
22796 # 1504
22846 # 1504
22896 # 1504
22946 # 1504
22996 # 1504
23046 # 1504
23096 # 1504
23146 # 1504
23196 # 1504
23246 # 1504
23296 # 1504
23346 # 1504
23396 # 1504
23446 # 1504
23496 # 1504
23546 # 1504
23596 # 1504
23646 # 1504
23696 # 1504
23746 # 1504
23796 # 1504
23846 # 1504
23896 # 1504
23946 # 1504
23996 # 1504
24046 # 1504
24096 # 1504
24146 # 1504
24196 # 1504
24246 # 1504
24296 # 1504
24346 # 1504
24396 # 1504
24446 # 1504
24496 # 1504
24546 # 1504
24596 # 1504
24646 # 1504
24696 # 1504
24746 # 1504
24796 # 1504
24846 # 1504
24896 # 1504
24946 # 1504
24996 # 1504
25046 # 1504
25096 # 1504
25146 # 1504
25196 # 1504
25246 # 1504
25296 # 1504
25346 # 1504
25396 # 1504
25446 # 1504
25496 # 1504
25508 + 52
25546 # 1504
25546 - 52 38
25596 # 1504
25646 # 1504
25696 # 1504
25746 # 1504
25796 # 1504
25846 # 1504
25896 # 1504
25946 # 1504
25996 # 1504
26046 # 1504
26096 # 1504
26146 # 1504
26196 # 1504
26246 # 1504
26296 # 1504
26346 # 1504
26396 # 1504
26446 # 1504
26496 # 1504
26546 # 1504
26596 # 1504
26646 # 1504
26696 # 1504
26746 # 1504
26796 # 1504
26846 # 1504
26896 # 1504
26946 # 1504
26996 # 1504
27046 # 1504
27096 # 1504
27146 # 1504
27196 # 1504
27246 # 1504
27296 # 1504
27346 # 1504
27396 # 1504
27446 # 1504
27496 # 1504
27546 # 1504
27596 # 1504
27646 # 1504
27696 # 1504
27746 # 1504
27796 # 1504
27846 # 1504
27896 # 1504
27946 # 1504
27996 # 1504
28046 # 1504
28096 # 1504
28146 # 1504
28196 # 1504
28246 # 1504
28296 # 1504
28346 # 1504
28396 # 1504
28446 # 1504
28496 # 1504
28546 # 1504
28596 # 1504
28646 # 1504
28696 # 1504
28746 # 1504
28796 # 1504
28846 # 1504
28896 # 1504
28946 # 1504
28996 # 1504
29046 # 1504
29096 # 1504
29146 # 1504
29196 # 1504
29246 # 1504
29296 # 1504
29346 # 1504
29396 # 1504
29446 # 1504
29496 # 1504
29546 # 1504
29596 # 1504
29646 # 1504
29696 # 1504
29746 # 1504
29796 # 1504
29846 # 1504
29896 # 1504
29946 # 1504
29996 # 1504
30046 # 1504
30096 # 1504
30146 # 1504
30196 # 1504
30246 # 1504
30296 # 1504
30346 # 1504
30396 # 1504
30446 # 1504
30496 # 1504
30546 # 1504
30596 # 1504
30646 # 1504
30696 # 1504
30746 # 1504
30796 # 1504
30846 # 1504
30896 # 1504
30946 # 1504
30996 # 1504
31046 # 1504
31096 # 1504
31146 # 1504
31196 # 1504
31246 # 1504
31296 # 1504
31346 # 1504
31396 # 1504
31446 # 1504
31496 # 1504
31546 # 1504
31596 # 1504
31646 # 1504
31696 # 1504
31746 # 1504
31796 # 1504
31846 # 1504
31896 # 1504
31946 # 1504
31996 # 1504
32046 # 1504
32096 # 1504
32146 # 1504
32196 # 1504
32246 # 1504
32296 # 1504
32346 # 1504
32396 # 1504
32446 # 1504
32496 # 1504
32546 # 1504
32596 # 1504
32646 # 1504
32696 # 1504
32746 # 1504
32796 # 1504
32846 # 1504
32896 # 1504
32946 # 1504
32996 # 1504
33046 # 1504
33096 # 1504
33146 # 1504
33196 # 1504
33246 # 1504
33296 # 1504
33346 # 1504
33396 # 1504
33446 # 1504
33496 # 1504
33546 # 1504
33596 # 1504
33646 # 1504
33696 # 1504
33746 # 1504
33796 # 1504
33846 # 1504
33896 # 1504
33946 # 1504
33996 # 1504
34046 # 1504
34096 # 1504
34146 # 1504
34196 # 1504
34246 # 1504
34296 # 1504
34346 # 1504
34396 # 1504
34446 # 1504
34496 # 1504
34546 # 1504
34596 # 1504
34646 # 1504
34696 # 1504
34746 # 1504
34796 # 1504
34846 # 1504
34896 # 1504
34946 # 1504
34996 # 1504
35046 # 1504
35096 # 1504
35146 # 1504
35196 # 1504
35246 # 1504
35296 # 1504
35346 # 1504
35396 # 1504
35446 # 1504
35496 # 1504
35546 # 1504
35596 # 1504
35646 # 1504
35696 # 1504
35746 # 1504
35796 # 1504
35846 # 1504
35896 # 1504
35946 # 1504
35996 # 1504
36046 # 1504
36096 # 1504
36146 # 1504
36196 # 1504
36246 # 1504
36296 # 1504
36346 # 1504
36396 # 1504
36446 # 1504
36496 # 1504
36546 # 1504
36596 # 1504
36646 # 1504
36696 # 1504
36746 # 1504
36796 # 1504
36846 # 1504
36896 # 1504
36946 # 1504
36996 # 1504
37046 # 1504
37096 # 1504
37146 # 1504
37196 # 1504
37246 # 1504
37296 # 1504
37346 # 1504
37396 # 1504
37446 # 1504
37496 # 1504
37546 # 1504
37596 # 1504
37646 # 1504
37696 # 1504
37746 # 1504
37796 # 1504
37846 # 1504
37896 # 1504
37946 # 1504
37996 # 1504
38046 # 1504
38096 # 1504
38146 # 1504
38196 # 1504
38246 # 1504
38296 # 1504
38346 # 1504
38396 # 1504
38446 # 1504
38496 # 1504
38546 # 1504
38596 # 1504
38646 # 1504
38696 # 1504
38746 # 1504
38796 # 1504
38846 # 1504
38896 # 1504
38946 # 1504
38996 # 1504
39046 # 1504
39096 # 1504
39146 # 1504
39196 # 1504
39246 # 1504
39296 # 1504
39346 # 1504
39396 # 1504
39446 # 1504
39496 # 1504
39546 # 1504
39596 # 1504
39646 # 1504
39696 # 1504
39746 # 1504
39796 # 1504
39846 # 1504
39896 # 1504
39946 # 1504
39996 # 1504
40046 # 1504
40096 # 1504
40146 # 1504
40196 # 1504
40246 # 1504
40296 # 1504
40346 # 1504
40396 # 1504
40446 # 1504
40496 # 1504
40546 # 1504
40596 # 1504
40646 # 1504
40696 # 1504
40746 # 1504
40796 # 1504
40846 # 1504
40896 # 1504
40946 # 1504
40996 # 1504
41046 # 1504
41096 # 1504
41146 # 1504
41196 # 1504
41246 # 1504
41296 # 1504
41346 # 1504
41396 # 1504
41446 # 1504
41496 # 1504
41546 # 1504
41596 # 1504
41646 # 1504
41696 # 1504
41746 # 1504
41796 # 1504
41846 # 1504
41896 # 1504
41946 # 1504
41996 # 1504
42046 # 1504
42096 # 1504
42146 # 1504
42196 # 1504
42246 # 1504
42296 # 1504
42346 # 1504
42396 # 1504
42446 # 1504
42496 # 1504
42546 # 1504
42596 # 1504
42646 # 1504
42696 # 1504
42746 # 1504
42796 # 1504
42846 # 1504
42896 # 1504
42946 # 1504
42996 # 1504
43046 # 1504
43096 # 1504
43146 # 1504
43196 # 1504
43246 # 1504
43296 # 1504
43346 # 1504
43396 # 1504
43446 # 1504
43496 # 1504
43546 # 1504
43596 # 1504
43646 # 1504
43696 # 1504
43746 # 1504
43796 # 1504
43846 # 1504
43896 # 1504
43946 # 1504
43996 # 1504
44046 # 1504
44096 # 1504
44146 # 1504
44196 # 1504
44246 # 1504
44296 # 1504
44346 # 1504
44396 # 1504
44446 # 1504
44496 # 1504
44546 # 1504
44596 # 1504
44646 # 1504
44696 # 1504
44746 # 1504
44796 # 1504
44846 # 1504
44896 # 1504
44946 # 1504
44996 # 1504
45046 # 1504
45096 # 1504
45146 # 1504
45196 # 1504
45246 # 1504
45296 # 1504
45346 # 1504
45396 # 1504
45446 # 1504
45496 # 1504
45546 # 1504
45596 # 1504
45646 # 1504
45696 # 1504
45746 # 1504
45796 # 1504
45846 # 1504
45896 # 1504
45946 # 1504
45996 # 1504
46046 # 1504
46096 # 1504
46146 # 1504
46196 # 1504
46246 # 1504
46296 # 1504
46346 # 1504
46396 # 1504
46446 # 1504
46496 # 1504
46546 # 1504
46596 # 1504
46646 # 1504
46696 # 1504
46746 # 1504
46796 # 1504
46846 # 1504
46896 # 1504
46946 # 1504
46996 # 1504
47046 # 1504
47096 # 1504
47146 # 1504
47196 # 1504
47246 # 1504
47296 # 1504
47346 # 1504
47396 # 1504
47446 # 1504
47496 # 1504
47546 # 1504
47596 # 1504
47646 # 1504
47696 # 1504
47746 # 1504
47796 # 1504
47846 # 1504
47896 # 1504
47946 # 1504
47996 # 1504
48046 # 1504
48096 # 1504
48146 # 1504
48196 # 1504
48246 # 1504
48296 # 1504
48346 # 1504
48396 # 1504
48446 # 1504
48496 # 1504
48546 # 1504
48596 # 1504
48646 # 1504
48696 # 1504
48746 # 1504
48796 # 1504
48846 # 1504
48896 # 1504
48946 # 1504
48996 # 1504
49046 # 1504
49096 # 1504
49146 # 1504
49196 # 1504
49246 # 1504
49296 # 1504
49346 # 1504
49396 # 1504
49446 # 1504
49496 # 1504
49546 # 1504
49596 # 1504
49646 # 1504
49696 # 1504
49746 # 1504
49796 # 1504
49846 # 1504
49896 # 1504
49946 # 1504
49996 # 1504
50046 # 1504
50096 # 1504
50146 # 1504
50196 # 1504
50246 # 1504
50296 # 1504
50346 # 1504
50396 # 1504
50446 # 1504
50496 # 1504
50546 # 1504
50596 # 1504
50646 # 1504
50696 # 1504
50746 # 1504
50796 # 1504
50846 # 1504
50896 # 1504
50946 # 1504
50996 # 1504
51046 # 1504
51096 # 1504
51146 # 1504
51196 # 1504
51246 # 1504
51296 # 1504
51346 # 1504
51396 # 1504
51446 # 1504
51496 # 1504
51546 # 1504
51596 # 1504
51646 # 1504
51696 # 1504
51746 # 1504
51796 # 1504
51846 # 1504
51896 # 1504
51946 # 1504
51996 # 1504
52046 # 1504
52096 # 1504
52146 # 1504
52196 # 1504
52246 # 1504
52296 # 1504
52346 # 1504
52396 # 1504
52446 # 1504
52496 # 1504
52546 # 1504
52596 # 1504
52646 # 1504
52696 # 1504
52746 # 1504
52796 # 1504
52846 # 1504
52896 # 1504
52946 # 1504
52996 # 1504
53046 # 1504
53096 # 1504
53146 # 1504
53196 # 1504
53246 # 1504
53296 # 1504
53346 # 1504
53396 # 1504
53446 # 1504
53496 # 1504
53546 # 1504
53596 # 1504
53646 # 1504
53696 # 1504
53746 # 1504
53796 # 1504
53846 # 1504
53896 # 1504
53946 # 1504
53996 # 1504
54046 # 1504
54096 # 1504
54146 # 1504
54196 # 1504
54246 # 1504
54296 # 1504
54346 # 1504
54396 # 1504
54446 # 1504
54496 # 1504
54546 # 1504
54596 # 1504
54646 # 1504
54696 # 1504
54746 # 1504
54796 # 1504
54846 # 1504
54896 # 1504
54946 # 1504
54996 # 1504
55046 # 1504
55096 # 1504
55146 # 1504
55196 # 1504
55246 # 1504
55296 # 1504
55346 # 1504
55396 # 1504
55446 # 1504
55496 # 1504
55546 # 1504
55596 # 1504
55646 # 1504
55696 # 1504
55746 # 1504
55796 # 1504
55846 # 1504
55896 # 1504
55946 # 1504
55996 # 1504
56046 # 1504
56096 # 1504
56146 # 1504
56196 # 1504
56246 # 1504
56296 # 1504
56346 # 1504
56396 # 1504
56446 # 1504
56496 # 1504
56546 # 1504
56596 # 1504
56646 # 1504
56696 # 1504
56746 # 1504
56796 # 1504
56846 # 1504
56896 # 1504
56946 # 1504
56996 # 1504
56996 + 52
57046 # 1504
57046 - 52 50
57096 # 1504
57146 # 1504
57196 # 1504
57246 # 1504
57296 # 1504
57346 # 1504
57396 # 1504
57446 # 1504
57496 # 1504
57546 # 1504
57596 # 1504
57646 # 1504
57696 # 1504
57746 # 1504
57796 # 1504
57846 # 1504
57896 # 1504
57946 # 1504
57996 # 1504
58046 # 1504
58096 # 1504
58146 # 1504
58196 # 1504
58246 # 1504
58296 # 1504
58346 # 1504
58396 # 1504
58446 # 1504
58496 # 1504
58546 # 1504
58596 # 1504
58646 # 1504
58696 # 1504
58746 # 1504
58796 # 1504
58846 # 1504
58896 # 1504
58946 # 1504
58996 # 1504
59046 # 1504
59096 # 1504
59146 # 1504
59196 # 1504
59246 # 1504
59296 # 1504
59346 # 1504
59396 # 1504
59446 # 1504
59496 # 1504
59546 # 1504
59596 # 1504
59646 # 1504
59696 # 1504
59746 # 1504
59796 # 1504
59846 # 1504
59896 # 1504
59946 # 1504
59996 # 1504
60046 # 1504
60096 # 1504
60146 # 1504
60196 # 1504
60246 # 1504
60296 # 1504
60346 # 1504
60396 # 1504
60446 # 1504
60496 # 1504
60546 # 1504
60596 # 1504
60646 # 1504
60696 # 1504
60746 # 1504
60796 # 1504
60846 # 1504
60896 # 1504
60946 # 1504
60996 # 1504
61046 # 1504
61096 # 1504
61146 # 1504
61196 # 1504
61246 # 1504
61296 # 1504
61346 # 1504
61396 # 1504
61446 # 1504
61496 # 1504
61546 # 1504
61596 # 1504
61646 # 1504
61696 # 1504
61746 # 1504
61796 # 1504
61846 # 1504
61896 # 1504
61946 # 1504
61996 # 1504
62046 # 1504
62096 # 1504
62146 # 1504
62196 # 1504
62246 # 1504
62296 # 1504
62346 # 1504
62396 # 1504
62446 # 1504
62496 # 1504
62546 # 1504
62596 # 1504
62646 # 1504
62696 # 1504
62746 # 1504
62796 # 1504
62846 # 1504
62896 # 1504
62946 # 1504
62996 # 1504
63046 # 1504
63096 # 1504
63146 # 1504
63196 # 1504
63246 # 1504
63296 # 1504
63346 # 1504
63396 # 1504
63446 # 1504
63496 # 1504
63546 # 1504
63596 # 1504
63646 # 1504
63696 # 1504
63746 # 1504
63796 # 1504
63846 # 1504
63896 # 1504
63946 # 1504
63996 # 1504
64046 # 1504
64096 # 1504
64146 # 1504
