# mahimahi mm-link (Uplink) [50mbps.trace] > /home/onojavoo/pantheon/data_profileA/cubic_mm_datalink_run1.log
# command line: 'mm-link' '50mbps.trace' '50mbps.trace' '--uplink-log=/home/onojavoo/pantheon/data_profileA/cubic_mm_datalink_run1.log' '--downlink-log=/home/onojavoo/pantheon/data_profileA/cubic_mm_acklink_run1.log' 'python' '/home/onojavoo/pantheon/src/experiments/tunnel_manager.py'
# queue: infinite
# init timestamp: 1744826095896
# base timestamp: 330
# mahimahi config: [delay 10 ms] 
331 + 80
331 + 52
331 + 80
380 # 1504
380 - 80 49
380 - 52 49
380 - 80 49
430 # 1504
451 + 80
480 # 1504
480 - 80 29
482 + 80
530 # 1504
530 - 80 48
580 # 1504
630 # 1504
680 # 1504
730 # 1504
780 # 1504
830 # 1504
880 # 1504
930 # 1504
948 + 40
980 # 1504
980 - 40 32
1030 # 1504
1080 # 1504
1130 # 1504
1180 # 1504
1230 # 1504
1280 # 1504
1330 # 1504
1380 # 1504
1430 # 1504
1480 # 1504
1530 # 1504
1580 # 1504
1630 # 1504
1680 # 1504
1730 # 1504
1780 # 1504
1830 # 1504
1880 # 1504
1930 # 1504
1980 # 1504
2030 # 1504
2080 # 1504
2130 # 1504
2180 # 1504
2230 # 1504
2280 # 1504
2330 # 1504
2380 # 1504
2430 # 1504
2480 # 1504
2530 # 1504
2580 # 1504
2630 # 1504
2680 # 1504
2730 # 1504
2780 # 1504
2830 # 1504
2880 # 1504
2930 # 1504
2980 # 1504
3030 # 1504
3080 # 1504
3130 # 1504
3180 # 1504
3230 # 1504
3280 # 1504
3330 # 1504
3380 # 1504
3430 # 1504
3480 # 1504
3530 # 1504
3580 # 1504
3630 # 1504
3680 # 1504
3730 # 1504
3780 # 1504
3830 # 1504
3880 # 1504
3930 # 1504
3980 # 1504
4030 # 1504
4080 # 1504
4130 # 1504
4180 # 1504
4230 # 1504
4280 # 1504
4330 # 1504
4380 # 1504
4386 + 52
4430 # 1504
4430 - 52 44
4480 # 1504
4530 # 1504
4580 # 1504
4630 # 1504
4680 # 1504
4730 # 1504
4780 # 1504
4830 # 1504
4880 # 1504
4930 # 1504
4980 # 1504
5030 # 1504
5080 # 1504
5130 # 1504
5180 # 1504
5230 # 1504
5280 # 1504
5330 # 1504
5380 # 1504
5430 # 1504
5480 # 1504
5530 # 1504
5580 # 1504
5630 # 1504
5680 # 1504
5730 # 1504
5780 # 1504
5830 # 1504
5880 # 1504
5930 # 1504
5980 # 1504
6030 # 1504
6080 # 1504
6130 # 1504
6180 # 1504
6230 # 1504
6280 # 1504
6330 # 1504
6380 # 1504
6430 # 1504
6480 # 1504
6530 # 1504
6580 # 1504
6630 # 1504
6680 # 1504
6730 # 1504
6780 # 1504
6830 # 1504
6880 # 1504
6930 # 1504
6980 # 1504
7030 # 1504
7080 # 1504
7130 # 1504
7180 # 1504
7230 # 1504
7280 # 1504
7330 # 1504
7380 # 1504
7430 # 1504
7480 # 1504
7530 # 1504
7580 # 1504
7630 # 1504
7680 # 1504
7730 # 1504
7780 # 1504
7830 # 1504
7880 # 1504
7930 # 1504
7980 # 1504
8030 # 1504
8080 # 1504
8130 # 1504
8180 # 1504
8230 # 1504
8280 # 1504
8330 # 1504
8380 # 1504
8430 # 1504
8480 # 1504
8530 # 1504
8580 # 1504
8630 # 1504
8680 # 1504
8730 # 1504
8780 # 1504
8830 # 1504
8880 # 1504
8930 # 1504
8980 # 1504
9030 # 1504
9080 # 1504
9130 # 1504
9180 # 1504
9230 # 1504
9280 # 1504
9330 # 1504
9380 # 1504
9430 # 1504
9480 # 1504
9530 # 1504
9580 # 1504
9630 # 1504
9680 # 1504
9730 # 1504
9780 # 1504
9830 # 1504
9880 # 1504
9930 # 1504
9980 # 1504
10030 # 1504
10080 # 1504
10130 # 1504
10180 # 1504
10230 # 1504
10280 # 1504
10330 # 1504
10380 # 1504
10430 # 1504
10480 # 1504
10530 # 1504
10580 # 1504
10630 # 1504
10680 # 1504
10730 # 1504
10780 # 1504
10830 # 1504
10880 # 1504
10930 # 1504
10980 # 1504
11030 # 1504
11080 # 1504
11130 # 1504
11180 # 1504
11230 # 1504
11280 # 1504
11330 # 1504
11380 # 1504
11430 # 1504
11480 # 1504
11530 # 1504
11580 # 1504
11630 # 1504
11680 # 1504
11730 # 1504
11780 # 1504
11830 # 1504
11880 # 1504
11930 # 1504
11980 # 1504
12030 # 1504
12080 # 1504
12130 # 1504
12180 # 1504
12230 # 1504
12280 # 1504
12330 # 1504
12380 # 1504
12430 # 1504
12480 # 1504
12530 # 1504
12580 # 1504
12630 # 1504
12680 # 1504
12730 # 1504
12780 # 1504
12830 # 1504
12880 # 1504
12930 # 1504
12980 # 1504
13030 # 1504
13080 # 1504
13130 # 1504
13180 # 1504
13230 # 1504
13280 # 1504
13330 # 1504
13352 + 52
13380 # 1504
13380 - 52 28
13430 # 1504
13480 # 1504
13530 # 1504
13580 # 1504
13630 # 1504
13680 # 1504
13730 # 1504
13780 # 1504
13830 # 1504
13880 # 1504
13930 # 1504
13980 # 1504
14030 # 1504
14080 # 1504
14130 # 1504
14180 # 1504
14230 # 1504
14280 # 1504
14330 # 1504
14380 # 1504
14430 # 1504
14480 # 1504
14530 # 1504
14580 # 1504
14630 # 1504
14680 # 1504
14730 # 1504
14780 # 1504
14830 # 1504
14880 # 1504
14930 # 1504
14980 # 1504
15030 # 1504
15080 # 1504
15130 # 1504
15180 # 1504
15230 # 1504
15280 # 1504
15330 # 1504
15380 # 1504
15430 # 1504
15480 # 1504
15530 # 1504
15580 # 1504
15630 # 1504
15680 # 1504
15730 # 1504
15780 # 1504
15830 # 1504
15880 # 1504
15930 # 1504
15980 # 1504
16030 # 1504
16080 # 1504
16130 # 1504
16180 # 1504
16230 # 1504
16280 # 1504
16330 # 1504
16380 # 1504
16430 # 1504
16480 # 1504
16530 # 1504
16580 # 1504
16630 # 1504
16680 # 1504
16730 # 1504
16780 # 1504
16830 # 1504
16880 # 1504
16930 # 1504
16980 # 1504
17030 # 1504
17080 # 1504
17130 # 1504
17180 # 1504
17230 # 1504
17280 # 1504
17330 # 1504
17380 # 1504
17430 # 1504
17480 # 1504
17530 # 1504
17580 # 1504
17630 # 1504
17680 # 1504
17730 # 1504
17780 # 1504
17830 # 1504
17880 # 1504
17930 # 1504
17980 # 1504
18030 # 1504
18080 # 1504
18130 # 1504
18180 # 1504
18230 # 1504
18280 # 1504
18330 # 1504
18380 # 1504
18430 # 1504
18480 # 1504
18530 # 1504
18580 # 1504
18630 # 1504
18680 # 1504
18730 # 1504
18780 # 1504
18830 # 1504
18880 # 1504
18930 # 1504
18980 # 1504
19030 # 1504
19080 # 1504
19130 # 1504
19180 # 1504
19230 # 1504
19280 # 1504
19330 # 1504
19380 # 1504
19430 # 1504
19480 # 1504
19530 # 1504
19580 # 1504
19630 # 1504
19680 # 1504
19730 # 1504
19780 # 1504
19830 # 1504
19880 # 1504
19930 # 1504
19980 # 1504
20030 # 1504
20080 # 1504
20130 # 1504
20180 # 1504
20230 # 1504
20280 # 1504
20330 # 1504
20380 # 1504
20430 # 1504
20480 # 1504
20530 # 1504
20580 # 1504
20630 # 1504
20680 # 1504
20730 # 1504
20780 # 1504
20830 # 1504
20880 # 1504
20930 # 1504
20980 # 1504
21030 # 1504
21080 # 1504
21130 # 1504
21180 # 1504
21230 # 1504
21280 # 1504
21330 # 1504
21380 # 1504
21430 # 1504
21480 # 1504
21530 # 1504
21580 # 1504
21630 # 1504
21680 # 1504
21730 # 1504
21780 # 1504
21830 # 1504
21880 # 1504
21930 # 1504
21980 # 1504
22030 # 1504
22080 # 1504
22130 # 1504
22180 # 1504
22230 # 1504
22280 # 1504
22330 # 1504
22380 # 1504
22430 # 1504
22480 # 1504
22530 # 1504
22580 # 1504
22630 # 1504
22680 # 1504
22730 # 1504
22780 # 1504
22830 # 1504
22880 # 1504
22930 # 1504
22980 # 1504
23030 # 1504
23080 # 1504
23130 # 1504
23180 # 1504
23230 # 1504
23280 # 1504
23330 # 1504
23380 # 1504
23430 # 1504
23480 # 1504
23530 # 1504
23580 # 1504
23630 # 1504
23680 # 1504
23730 # 1504
23780 # 1504
23830 # 1504
23880 # 1504
23930 # 1504
23980 # 1504
24030 # 1504
24080 # 1504
24130 # 1504
24180 # 1504
24230 # 1504
24280 # 1504
24330 # 1504
24380 # 1504
24430 # 1504
24480 # 1504
24530 # 1504
24580 # 1504
24630 # 1504
24680 # 1504
24730 # 1504
24780 # 1504
24830 # 1504
24880 # 1504
24930 # 1504
24980 # 1504
25030 # 1504
25080 # 1504
25130 # 1504
25180 # 1504
25230 # 1504
25280 # 1504
25330 # 1504
25380 # 1504
25430 # 1504
25480 # 1504
25530 # 1504
25580 # 1504
25630 # 1504
25680 # 1504
25730 # 1504
25780 # 1504
25830 # 1504
25880 # 1504
25930 # 1504
25980 # 1504
26030 # 1504
26080 # 1504
26130 # 1504
26180 # 1504
26230 # 1504
26280 # 1504
26330 # 1504
26380 # 1504
26430 # 1504
26480 # 1504
26530 # 1504
26580 # 1504
26630 # 1504
26680 # 1504
26730 # 1504
26780 # 1504
26830 # 1504
26880 # 1504
26930 # 1504
26980 # 1504
27030 # 1504
27080 # 1504
27130 # 1504
27180 # 1504
27230 # 1504
27280 # 1504
27330 # 1504
27380 # 1504
27430 # 1504
27480 # 1504
27530 # 1504
27580 # 1504
27630 # 1504
27680 # 1504
27730 # 1504
27780 # 1504
27830 # 1504
27880 # 1504
27930 # 1504
27980 # 1504
28030 # 1504
28080 # 1504
28130 # 1504
28180 # 1504
28230 # 1504
28280 # 1504
28330 # 1504
28380 # 1504
28430 # 1504
28480 # 1504
28530 # 1504
28580 # 1504
28630 # 1504
28680 # 1504
28730 # 1504
28780 # 1504
28830 # 1504
28880 # 1504
28930 # 1504
28980 # 1504
29030 # 1504
29080 # 1504
29130 # 1504
29180 # 1504
29230 # 1504
29280 # 1504
29330 # 1504
29380 # 1504
29430 # 1504
29480 # 1504
29530 # 1504
29580 # 1504
29630 # 1504
29680 # 1504
29730 # 1504
29780 # 1504
29830 # 1504
29880 # 1504
29930 # 1504
29980 # 1504
30030 # 1504
30080 # 1504
30130 # 1504
30180 # 1504
30230 # 1504
30280 # 1504
30330 # 1504
30380 # 1504
30430 # 1504
30480 # 1504
30530 # 1504
30580 # 1504
30630 # 1504
30680 # 1504
30730 # 1504
30780 # 1504
30830 # 1504
30880 # 1504
30930 # 1504
30980 # 1504
31030 # 1504
31080 # 1504
31130 # 1504
31180 # 1504
31230 # 1504
31280 # 1504
31330 # 1504
31380 # 1504
31430 # 1504
31480 # 1504
31530 # 1504
31580 # 1504
31630 # 1504
31680 # 1504
31730 # 1504
31780 # 1504
31830 # 1504
31880 # 1504
31930 # 1504
31980 # 1504
32030 # 1504
32080 # 1504
32130 # 1504
32180 # 1504
32230 # 1504
32280 # 1504
32330 # 1504
32380 # 1504
32430 # 1504
32480 # 1504
32530 # 1504
32580 # 1504
32630 # 1504
32680 # 1504
32730 # 1504
32780 # 1504
32802 + 52
32830 # 1504
32830 - 52 28
32880 # 1504
32930 # 1504
32980 # 1504
33030 # 1504
33080 # 1504
33130 # 1504
33180 # 1504
33230 # 1504
33280 # 1504
33330 # 1504
33380 # 1504
33430 # 1504
33480 # 1504
33530 # 1504
33580 # 1504
33630 # 1504
33680 # 1504
33730 # 1504
33780 # 1504
33830 # 1504
33880 # 1504
33930 # 1504
33980 # 1504
34030 # 1504
34080 # 1504
34130 # 1504
34180 # 1504
34230 # 1504
34280 # 1504
34330 # 1504
34380 # 1504
34430 # 1504
34480 # 1504
34530 # 1504
34580 # 1504
34630 # 1504
34680 # 1504
34730 # 1504
34780 # 1504
34830 # 1504
34880 # 1504
34930 # 1504
34980 # 1504
35030 # 1504
35080 # 1504
35130 # 1504
35180 # 1504
35230 # 1504
35280 # 1504
35330 # 1504
35380 # 1504
35430 # 1504
35480 # 1504
35530 # 1504
35580 # 1504
35630 # 1504
35680 # 1504
35730 # 1504
35780 # 1504
35830 # 1504
35880 # 1504
35930 # 1504
35980 # 1504
36030 # 1504
36080 # 1504
36130 # 1504
36180 # 1504
36230 # 1504
36280 # 1504
36330 # 1504
36380 # 1504
36430 # 1504
36480 # 1504
36530 # 1504
36580 # 1504
36630 # 1504
36680 # 1504
36730 # 1504
36780 # 1504
36830 # 1504
36880 # 1504
36930 # 1504
36980 # 1504
37030 # 1504
37080 # 1504
37130 # 1504
37180 # 1504
37230 # 1504
37280 # 1504
37330 # 1504
37380 # 1504
37430 # 1504
37480 # 1504
37530 # 1504
37580 # 1504
37630 # 1504
37680 # 1504
37730 # 1504
37780 # 1504
37830 # 1504
37880 # 1504
37930 # 1504
37980 # 1504
38030 # 1504
38080 # 1504
38130 # 1504
38180 # 1504
38230 # 1504
38280 # 1504
38330 # 1504
38380 # 1504
38430 # 1504
38480 # 1504
38530 # 1504
38580 # 1504
38630 # 1504
38680 # 1504
38730 # 1504
38780 # 1504
38830 # 1504
38880 # 1504
38930 # 1504
38980 # 1504
39030 # 1504
39080 # 1504
39130 # 1504
39180 # 1504
39230 # 1504
39280 # 1504
39330 # 1504
39380 # 1504
39430 # 1504
39480 # 1504
39530 # 1504
39580 # 1504
39630 # 1504
39680 # 1504
39730 # 1504
39780 # 1504
39830 # 1504
39880 # 1504
39930 # 1504
39980 # 1504
40030 # 1504
40080 # 1504
40130 # 1504
40180 # 1504
40230 # 1504
40280 # 1504
40330 # 1504
40380 # 1504
40430 # 1504
40480 # 1504
40530 # 1504
40580 # 1504
40630 # 1504
40680 # 1504
40730 # 1504
40780 # 1504
40830 # 1504
40880 # 1504
40930 # 1504
40980 # 1504
41030 # 1504
41080 # 1504
41130 # 1504
41180 # 1504
41230 # 1504
41280 # 1504
41330 # 1504
41380 # 1504
41430 # 1504
41480 # 1504
41530 # 1504
41580 # 1504
41630 # 1504
41680 # 1504
41730 # 1504
41780 # 1504
41830 # 1504
41880 # 1504
41930 # 1504
41980 # 1504
42030 # 1504
42080 # 1504
42130 # 1504
42180 # 1504
42230 # 1504
42280 # 1504
42330 # 1504
42380 # 1504
42430 # 1504
42480 # 1504
42530 # 1504
42580 # 1504
42630 # 1504
42680 # 1504
42730 # 1504
42780 # 1504
42830 # 1504
42880 # 1504
42930 # 1504
42980 # 1504
43030 # 1504
43080 # 1504
43130 # 1504
43180 # 1504
43230 # 1504
43280 # 1504
43330 # 1504
43380 # 1504
43430 # 1504
43480 # 1504
43530 # 1504
43580 # 1504
43630 # 1504
43680 # 1504
43730 # 1504
43780 # 1504
43830 # 1504
43880 # 1504
43930 # 1504
43980 # 1504
44030 # 1504
44080 # 1504
44130 # 1504
44180 # 1504
44230 # 1504
44280 # 1504
44330 # 1504
44380 # 1504
44430 # 1504
44480 # 1504
44530 # 1504
44580 # 1504
44630 # 1504
44680 # 1504
44730 # 1504
44780 # 1504
44830 # 1504
44880 # 1504
44930 # 1504
44980 # 1504
45030 # 1504
45080 # 1504
45130 # 1504
45180 # 1504
45230 # 1504
45280 # 1504
45330 # 1504
45380 # 1504
45430 # 1504
45480 # 1504
45530 # 1504
45580 # 1504
45630 # 1504
45680 # 1504
45730 # 1504
45780 # 1504
45830 # 1504
45880 # 1504
45930 # 1504
45980 # 1504
46030 # 1504
46080 # 1504
46130 # 1504
46180 # 1504
46230 # 1504
46280 # 1504
46330 # 1504
46380 # 1504
46430 # 1504
46480 # 1504
46530 # 1504
46580 # 1504
46630 # 1504
46680 # 1504
46730 # 1504
46780 # 1504
46830 # 1504
46880 # 1504
46930 # 1504
46980 # 1504
47030 # 1504
47080 # 1504
47130 # 1504
47180 # 1504
47230 # 1504
47280 # 1504
47330 # 1504
47380 # 1504
47430 # 1504
47480 # 1504
47530 # 1504
47580 # 1504
47630 # 1504
47680 # 1504
47730 # 1504
47780 # 1504
47830 # 1504
47880 # 1504
47930 # 1504
47980 # 1504
48030 # 1504
48080 # 1504
48130 # 1504
48180 # 1504
48230 # 1504
48280 # 1504
48330 # 1504
48380 # 1504
48430 # 1504
48480 # 1504
48530 # 1504
48580 # 1504
48630 # 1504
48680 # 1504
48730 # 1504
48780 # 1504
48830 # 1504
48880 # 1504
48930 # 1504
48980 # 1504
49030 # 1504
49080 # 1504
49130 # 1504
49180 # 1504
49230 # 1504
49280 # 1504
49330 # 1504
49380 # 1504
49430 # 1504
49480 # 1504
49530 # 1504
49580 # 1504
49630 # 1504
49680 # 1504
49730 # 1504
49780 # 1504
49830 # 1504
49880 # 1504
49930 # 1504
49980 # 1504
50030 # 1504
50080 # 1504
50130 # 1504
50180 # 1504
50230 # 1504
50280 # 1504
50330 # 1504
50380 # 1504
50430 # 1504
50480 # 1504
50530 # 1504
50580 # 1504
50630 # 1504
50680 # 1504
50730 # 1504
50780 # 1504
50830 # 1504
50880 # 1504
50930 # 1504
50980 # 1504
51030 # 1504
51080 # 1504
51130 # 1504
51180 # 1504
51230 # 1504
51280 # 1504
51330 # 1504
51380 # 1504
51430 # 1504
51480 # 1504
51530 # 1504
51580 # 1504
51630 # 1504
51680 # 1504
51730 # 1504
51780 # 1504
51830 # 1504
51880 # 1504
51930 # 1504
51980 # 1504
52030 # 1504
52080 # 1504
52130 # 1504
52180 # 1504
52230 # 1504
52280 # 1504
52330 # 1504
52380 # 1504
52430 # 1504
52480 # 1504
52530 # 1504
52580 # 1504
52630 # 1504
52680 # 1504
52730 # 1504
52780 # 1504
52830 # 1504
52880 # 1504
52930 # 1504
52980 # 1504
53030 # 1504
53080 # 1504
53130 # 1504
53180 # 1504
53230 # 1504
53280 # 1504
53330 # 1504
53380 # 1504
53430 # 1504
53480 # 1504
53530 # 1504
53580 # 1504
53630 # 1504
53680 # 1504
53730 # 1504
53780 # 1504
53830 # 1504
53880 # 1504
53930 # 1504
53980 # 1504
54030 # 1504
54080 # 1504
54130 # 1504
54180 # 1504
54230 # 1504
54280 # 1504
54330 # 1504
54380 # 1504
54430 # 1504
54480 # 1504
54530 # 1504
54580 # 1504
54630 # 1504
54680 # 1504
54730 # 1504
54780 # 1504
54830 # 1504
54880 # 1504
54930 # 1504
54980 # 1504
55030 # 1504
55080 # 1504
55130 # 1504
55180 # 1504
55230 # 1504
55280 # 1504
55330 # 1504
55380 # 1504
55430 # 1504
55480 # 1504
55530 # 1504
55580 # 1504
55630 # 1504
55680 # 1504
55730 # 1504
55780 # 1504
55830 # 1504
55880 # 1504
55930 # 1504
55980 # 1504
56030 # 1504
56080 # 1504
56130 # 1504
56180 # 1504
56230 # 1504
56280 # 1504
56330 # 1504
56380 # 1504
56430 # 1504
56480 # 1504
56530 # 1504
56580 # 1504
56630 # 1504
56680 # 1504
56730 # 1504
56780 # 1504
56830 # 1504
56880 # 1504
56930 # 1504
56980 # 1504
57030 # 1504
57080 # 1504
57130 # 1504
57180 # 1504
57230 # 1504
57280 # 1504
57330 # 1504
57380 # 1504
57430 # 1504
57480 # 1504
57530 # 1504
57580 # 1504
57630 # 1504
57680 # 1504
57730 # 1504
57780 # 1504
57830 # 1504
57880 # 1504
57930 # 1504
57980 # 1504
58030 # 1504
58080 # 1504
58130 # 1504
58180 # 1504
58230 # 1504
58280 # 1504
58330 # 1504
58380 # 1504
58430 # 1504
58480 # 1504
58530 # 1504
58580 # 1504
58630 # 1504
58680 # 1504
58730 # 1504
58780 # 1504
58830 # 1504
58880 # 1504
58930 # 1504
58980 # 1504
59030 # 1504
59080 # 1504
59130 # 1504
59180 # 1504
59230 # 1504
59280 # 1504
59330 # 1504
59380 # 1504
59430 # 1504
59480 # 1504
59530 # 1504
59580 # 1504
59630 # 1504
59680 # 1504
59730 # 1504
59780 # 1504
59830 # 1504
59880 # 1504
59930 # 1504
59980 # 1504
60030 # 1504
60080 # 1504
60130 # 1504
60180 # 1504
60230 # 1504
60280 # 1504
60330 # 1504
60380 # 1504
60430 # 1504
60480 # 1504
60530 # 1504
60580 # 1504
60630 # 1504
60680 # 1504
60730 # 1504
60780 # 1504
60830 # 1504
60880 # 1504
60930 # 1504
60980 # 1504
61030 # 1504
61080 # 1504
61130 # 1504
61180 # 1504
61230 # 1504
61280 # 1504
61330 # 1504
61380 # 1504
61430 # 1504
61480 # 1504
61530 # 1504
61580 # 1504
61630 # 1504
61680 # 1504
61730 # 1504
61780 # 1504
61830 # 1504
61880 # 1504
61930 # 1504
61980 # 1504
62030 # 1504
62080 # 1504
62130 # 1504
62180 # 1504
62230 # 1504
62280 # 1504
62330 # 1504
62380 # 1504
62430 # 1504
62480 # 1504
62530 # 1504
62580 # 1504
62630 # 1504
62680 # 1504
62730 # 1504
62780 # 1504
62830 # 1504
62880 # 1504
62930 # 1504
62980 # 1504
63030 # 1504
63080 # 1504
63130 # 1504
63180 # 1504
63230 # 1504
63280 # 1504
63330 # 1504
63380 # 1504
63430 # 1504
63480 # 1504
63530 # 1504
63580 # 1504
63630 # 1504
63680 # 1504
63730 # 1504
63780 # 1504
63830 # 1504
63880 # 1504
63930 # 1504
63980 # 1504
64030 # 1504
64080 # 1504
64130 # 1504
64180 # 1504
