# mahimahi mm-link (Downlink) [50mbps.trace] > /home/onojavoo/pantheon/data_profileA/cubic_mm_acklink_run1.log
# command line: 'mm-link' '50mbps.trace' '50mbps.trace' '--uplink-log=/home/onojavoo/pantheon/data_profileA/cubic_mm_datalink_run1.log' '--downlink-log=/home/onojavoo/pantheon/data_profileA/cubic_mm_acklink_run1.log' 'python' '/home/onojavoo/pantheon/src/experiments/tunnel_manager.py'
# queue: infinite
# init timestamp: 1744826095896
# base timestamp: 331
# mahimahi config: [delay 10 ms] 
331 + 80
331 + 52
331 + 80
331 + 80
381 # 1504
381 - 80 50
381 - 52 50
381 - 80 50
381 - 80 50
431 # 1504
481 # 1504
531 # 1504
581 # 1504
631 # 1504
681 # 1504
731 # 1504
781 # 1504
831 # 1504
881 # 1504
916 + 80
931 # 1504
931 - 80 15
981 # 1504
1011 + 40
1031 # 1504
1031 - 40 20
1081 # 1504
1131 # 1504
1181 # 1504
1231 # 1504
1281 # 1504
1331 # 1504
1381 # 1504
1431 # 1504
1481 # 1504
1531 # 1504
1581 # 1504
1631 # 1504
1681 # 1504
1731 # 1504
1781 # 1504
1831 # 1504
1881 # 1504
1931 # 1504
1981 # 1504
2031 # 1504
2081 # 1504
2131 # 1504
2181 # 1504
2231 # 1504
2281 # 1504
2331 # 1504
2381 # 1504
2431 # 1504
2481 # 1504
2531 # 1504
2581 # 1504
2631 # 1504
2681 # 1504
2731 # 1504
2781 # 1504
2831 # 1504
2881 # 1504
2931 # 1504
2981 # 1504
3031 # 1504
3081 # 1504
3131 # 1504
3181 # 1504
3231 # 1504
3281 # 1504
3331 # 1504
3381 # 1504
3431 # 1504
3481 # 1504
3531 # 1504
3581 # 1504
3631 # 1504
3681 # 1504
3731 # 1504
3781 # 1504
3831 # 1504
3881 # 1504
3931 # 1504
3981 # 1504
4031 # 1504
4081 # 1504
4131 # 1504
4181 # 1504
4231 # 1504
4281 # 1504
4331 # 1504
4381 # 1504
4386 + 52
4431 # 1504
4431 - 52 45
4481 # 1504
4531 # 1504
4581 # 1504
4631 # 1504
4681 # 1504
4731 # 1504
4781 # 1504
4831 # 1504
4881 # 1504
4931 # 1504
4981 # 1504
5031 # 1504
5081 # 1504
5131 # 1504
5181 # 1504
5231 # 1504
5281 # 1504
5331 # 1504
5381 # 1504
5431 # 1504
5481 # 1504
5531 # 1504
5581 # 1504
5631 # 1504
5681 # 1504
5731 # 1504
5781 # 1504
5831 # 1504
5881 # 1504
5931 # 1504
5981 # 1504
6031 # 1504
6081 # 1504
6131 # 1504
6181 # 1504
6231 # 1504
6281 # 1504
6331 # 1504
6381 # 1504
6431 # 1504
6481 # 1504
6531 # 1504
6581 # 1504
6631 # 1504
6681 # 1504
6731 # 1504
6781 # 1504
6831 # 1504
6881 # 1504
6931 # 1504
6981 # 1504
7031 # 1504
7081 # 1504
7131 # 1504
7181 # 1504
7231 # 1504
7281 # 1504
7331 # 1504
7381 # 1504
7431 # 1504
7481 # 1504
7531 # 1504
7581 # 1504
7631 # 1504
7681 # 1504
7731 # 1504
7781 # 1504
7831 # 1504
7881 # 1504
7931 # 1504
7981 # 1504
8031 # 1504
8081 # 1504
8131 # 1504
8181 # 1504
8231 # 1504
8281 # 1504
8331 # 1504
8381 # 1504
8431 # 1504
8481 # 1504
8531 # 1504
8581 # 1504
8631 # 1504
8681 # 1504
8731 # 1504
8781 # 1504
8831 # 1504
8881 # 1504
8931 # 1504
8981 # 1504
9031 # 1504
9081 # 1504
9131 # 1504
9181 # 1504
9231 # 1504
9281 # 1504
9331 # 1504
9381 # 1504
9431 # 1504
9481 # 1504
9531 # 1504
9581 # 1504
9631 # 1504
9681 # 1504
9731 # 1504
9781 # 1504
9831 # 1504
9881 # 1504
9931 # 1504
9981 # 1504
10031 # 1504
10081 # 1504
10131 # 1504
10181 # 1504
10231 # 1504
10281 # 1504
10331 # 1504
10381 # 1504
10431 # 1504
10481 # 1504
10531 # 1504
10581 # 1504
10631 # 1504
10681 # 1504
10731 # 1504
10781 # 1504
10831 # 1504
10881 # 1504
10931 # 1504
10981 # 1504
11031 # 1504
11081 # 1504
11131 # 1504
11181 # 1504
11231 # 1504
11281 # 1504
11331 # 1504
11381 # 1504
11431 # 1504
11481 # 1504
11531 # 1504
11581 # 1504
11631 # 1504
11681 # 1504
11731 # 1504
11781 # 1504
11831 # 1504
11881 # 1504
11931 # 1504
11981 # 1504
12031 # 1504
12081 # 1504
12131 # 1504
12181 # 1504
12231 # 1504
12281 # 1504
12331 # 1504
12381 # 1504
12431 # 1504
12481 # 1504
12531 # 1504
12581 # 1504
12631 # 1504
12681 # 1504
12731 # 1504
12781 # 1504
12831 # 1504
12881 # 1504
12931 # 1504
12981 # 1504
13031 # 1504
13081 # 1504
13090 + 52
13131 # 1504
13131 - 52 41
13181 # 1504
13231 # 1504
13281 # 1504
13331 # 1504
13381 # 1504
13431 # 1504
13481 # 1504
13531 # 1504
13581 # 1504
13631 # 1504
13681 # 1504
13731 # 1504
13781 # 1504
13831 # 1504
13881 # 1504
13931 # 1504
13981 # 1504
14031 # 1504
14081 # 1504
14131 # 1504
14181 # 1504
14231 # 1504
14281 # 1504
14331 # 1504
14381 # 1504
14431 # 1504
14481 # 1504
14531 # 1504
14581 # 1504
14631 # 1504
14681 # 1504
14731 # 1504
14781 # 1504
14831 # 1504
14881 # 1504
14931 # 1504
14981 # 1504
15031 # 1504
15081 # 1504
15131 # 1504
15181 # 1504
15231 # 1504
15281 # 1504
15331 # 1504
15381 # 1504
15431 # 1504
15481 # 1504
15531 # 1504
15581 # 1504
15631 # 1504
15681 # 1504
15731 # 1504
15781 # 1504
15831 # 1504
15881 # 1504
15931 # 1504
15981 # 1504
16031 # 1504
16081 # 1504
16131 # 1504
16181 # 1504
16231 # 1504
16281 # 1504
16331 # 1504
16381 # 1504
16431 # 1504
16481 # 1504
16531 # 1504
16581 # 1504
16631 # 1504
16681 # 1504
16731 # 1504
16781 # 1504
16831 # 1504
16881 # 1504
16931 # 1504
16981 # 1504
17031 # 1504
17081 # 1504
17131 # 1504
17181 # 1504
17231 # 1504
17281 # 1504
17331 # 1504
17381 # 1504
17431 # 1504
17481 # 1504
17531 # 1504
17581 # 1504
17631 # 1504
17681 # 1504
17731 # 1504
17781 # 1504
17831 # 1504
17881 # 1504
17931 # 1504
17981 # 1504
18031 # 1504
18081 # 1504
18131 # 1504
18181 # 1504
18231 # 1504
18281 # 1504
18331 # 1504
18381 # 1504
18431 # 1504
18481 # 1504
18531 # 1504
18581 # 1504
18631 # 1504
18681 # 1504
18731 # 1504
18781 # 1504
18831 # 1504
18881 # 1504
18931 # 1504
18981 # 1504
19031 # 1504
19081 # 1504
19131 # 1504
19181 # 1504
19231 # 1504
19281 # 1504
19331 # 1504
19381 # 1504
19431 # 1504
19481 # 1504
19531 # 1504
19581 # 1504
19631 # 1504
19681 # 1504
19731 # 1504
19781 # 1504
19831 # 1504
19881 # 1504
19931 # 1504
19981 # 1504
20031 # 1504
20081 # 1504
20131 # 1504
20181 # 1504
20231 # 1504
20281 # 1504
20331 # 1504
20381 # 1504
20431 # 1504
20481 # 1504
20531 # 1504
20581 # 1504
20631 # 1504
20681 # 1504
20731 # 1504
20781 # 1504
20831 # 1504
20881 # 1504
20931 # 1504
20981 # 1504
21031 # 1504
21081 # 1504
21131 # 1504
21181 # 1504
21231 # 1504
21281 # 1504
21331 # 1504
21381 # 1504
21431 # 1504
21481 # 1504
21531 # 1504
21581 # 1504
21631 # 1504
21681 # 1504
21731 # 1504
21781 # 1504
21831 # 1504
21881 # 1504
21931 # 1504
21981 # 1504
22031 # 1504
22081 # 1504
22131 # 1504
22181 # 1504
22231 # 1504
22281 # 1504
22331 # 1504
22381 # 1504
22431 # 1504
22481 # 1504
22531 # 1504
22581 # 1504
22631 # 1504
22681 # 1504
22731 # 1504
22781 # 1504
22831 # 1504
22881 # 1504
22931 # 1504
22981 # 1504
23031 # 1504
23081 # 1504
23131 # 1504
23181 # 1504
23231 # 1504
23281 # 1504
23331 # 1504
23381 # 1504
23431 # 1504
23481 # 1504
23531 # 1504
23581 # 1504
23631 # 1504
23681 # 1504
23731 # 1504
23781 # 1504
23831 # 1504
23881 # 1504
23931 # 1504
23981 # 1504
24031 # 1504
24081 # 1504
24131 # 1504
24181 # 1504
24231 # 1504
24281 # 1504
24331 # 1504
24381 # 1504
24431 # 1504
24481 # 1504
24531 # 1504
24581 # 1504
24631 # 1504
24681 # 1504
24731 # 1504
24781 # 1504
24831 # 1504
24881 # 1504
24931 # 1504
24981 # 1504
25031 # 1504
25081 # 1504
25131 # 1504
25181 # 1504
25231 # 1504
25281 # 1504
25331 # 1504
25381 # 1504
25431 # 1504
25481 # 1504
25531 # 1504
25581 # 1504
25631 # 1504
25681 # 1504
25731 # 1504
25781 # 1504
25831 # 1504
25881 # 1504
25931 # 1504
25981 # 1504
26031 # 1504
26081 # 1504
26131 # 1504
26181 # 1504
26231 # 1504
26281 # 1504
26331 # 1504
26381 # 1504
26431 # 1504
26481 # 1504
26531 # 1504
26581 # 1504
26631 # 1504
26681 # 1504
26731 # 1504
26781 # 1504
26831 # 1504
26881 # 1504
26931 # 1504
26981 # 1504
27031 # 1504
27081 # 1504
27131 # 1504
27181 # 1504
27231 # 1504
27281 # 1504
27331 # 1504
27381 # 1504
27431 # 1504
27481 # 1504
27531 # 1504
27581 # 1504
27631 # 1504
27681 # 1504
27731 # 1504
27781 # 1504
27831 # 1504
27881 # 1504
27931 # 1504
27981 # 1504
28031 # 1504
28081 # 1504
28131 # 1504
28181 # 1504
28231 # 1504
28281 # 1504
28331 # 1504
28381 # 1504
28431 # 1504
28481 # 1504
28531 # 1504
28581 # 1504
28631 # 1504
28681 # 1504
28731 # 1504
28781 # 1504
28831 # 1504
28881 # 1504
28931 # 1504
28981 # 1504
29031 # 1504
29081 # 1504
29131 # 1504
29181 # 1504
29231 # 1504
29281 # 1504
29331 # 1504
29381 # 1504
29431 # 1504
29481 # 1504
29531 # 1504
29581 # 1504
29631 # 1504
29681 # 1504
29731 # 1504
29781 # 1504
29831 # 1504
29881 # 1504
29931 # 1504
29981 # 1504
30031 # 1504
30081 # 1504
30131 # 1504
30181 # 1504
30231 # 1504
30281 # 1504
30331 # 1504
30381 # 1504
30431 # 1504
30481 # 1504
30531 # 1504
30581 # 1504
30631 # 1504
30681 # 1504
30731 # 1504
30754 + 52
30781 # 1504
30781 - 52 27
30831 # 1504
30881 # 1504
30931 # 1504
30981 # 1504
31031 # 1504
31081 # 1504
31131 # 1504
31181 # 1504
31231 # 1504
31281 # 1504
31331 # 1504
31381 # 1504
31431 # 1504
31481 # 1504
31531 # 1504
31581 # 1504
31631 # 1504
31681 # 1504
31731 # 1504
31781 # 1504
31831 # 1504
31881 # 1504
31931 # 1504
31981 # 1504
32031 # 1504
32081 # 1504
32131 # 1504
32181 # 1504
32231 # 1504
32281 # 1504
32331 # 1504
32381 # 1504
32431 # 1504
32481 # 1504
32531 # 1504
32581 # 1504
32631 # 1504
32681 # 1504
32731 # 1504
32781 # 1504
32831 # 1504
32881 # 1504
32931 # 1504
32981 # 1504
33031 # 1504
33081 # 1504
33131 # 1504
33181 # 1504
33231 # 1504
33281 # 1504
33331 # 1504
33381 # 1504
33431 # 1504
33481 # 1504
33531 # 1504
33581 # 1504
33631 # 1504
33681 # 1504
33731 # 1504
33781 # 1504
33831 # 1504
33881 # 1504
33931 # 1504
33981 # 1504
34031 # 1504
34081 # 1504
34131 # 1504
34181 # 1504
34231 # 1504
34281 # 1504
34331 # 1504
34381 # 1504
34431 # 1504
34481 # 1504
34531 # 1504
34581 # 1504
34631 # 1504
34681 # 1504
34731 # 1504
34781 # 1504
34831 # 1504
34881 # 1504
34931 # 1504
34981 # 1504
35031 # 1504
35081 # 1504
35131 # 1504
35181 # 1504
35231 # 1504
35281 # 1504
35331 # 1504
35381 # 1504
35431 # 1504
35481 # 1504
35531 # 1504
35581 # 1504
35631 # 1504
35681 # 1504
35731 # 1504
35781 # 1504
35831 # 1504
35881 # 1504
35931 # 1504
35981 # 1504
36031 # 1504
36081 # 1504
36131 # 1504
36181 # 1504
36231 # 1504
36281 # 1504
36331 # 1504
36381 # 1504
36431 # 1504
36481 # 1504
36531 # 1504
36581 # 1504
36631 # 1504
36681 # 1504
36731 # 1504
36781 # 1504
36831 # 1504
36881 # 1504
36931 # 1504
36981 # 1504
37031 # 1504
37081 # 1504
37131 # 1504
37181 # 1504
37231 # 1504
37281 # 1504
37331 # 1504
37381 # 1504
37431 # 1504
37481 # 1504
37531 # 1504
37581 # 1504
37631 # 1504
37681 # 1504
37731 # 1504
37781 # 1504
37831 # 1504
37881 # 1504
37931 # 1504
37981 # 1504
38031 # 1504
38081 # 1504
38131 # 1504
38181 # 1504
38231 # 1504
38281 # 1504
38331 # 1504
38381 # 1504
38431 # 1504
38481 # 1504
38531 # 1504
38581 # 1504
38631 # 1504
38681 # 1504
38731 # 1504
38781 # 1504
38831 # 1504
38881 # 1504
38931 # 1504
38981 # 1504
39031 # 1504
39081 # 1504
39131 # 1504
39181 # 1504
39231 # 1504
39281 # 1504
39331 # 1504
39381 # 1504
39431 # 1504
39481 # 1504
39531 # 1504
39581 # 1504
39631 # 1504
39681 # 1504
39731 # 1504
39781 # 1504
39831 # 1504
39881 # 1504
39931 # 1504
39981 # 1504
40031 # 1504
40081 # 1504
40131 # 1504
40181 # 1504
40231 # 1504
40281 # 1504
40331 # 1504
40381 # 1504
40431 # 1504
40481 # 1504
40531 # 1504
40581 # 1504
40631 # 1504
40681 # 1504
40731 # 1504
40781 # 1504
40831 # 1504
40881 # 1504
40931 # 1504
40981 # 1504
41031 # 1504
41081 # 1504
41131 # 1504
41181 # 1504
41231 # 1504
41281 # 1504
41331 # 1504
41381 # 1504
41431 # 1504
41481 # 1504
41531 # 1504
41581 # 1504
41631 # 1504
41681 # 1504
41731 # 1504
41781 # 1504
41831 # 1504
41881 # 1504
41931 # 1504
41981 # 1504
42031 # 1504
42081 # 1504
42131 # 1504
42181 # 1504
42231 # 1504
42281 # 1504
42331 # 1504
42381 # 1504
42431 # 1504
42481 # 1504
42531 # 1504
42581 # 1504
42631 # 1504
42681 # 1504
42731 # 1504
42781 # 1504
42831 # 1504
42881 # 1504
42931 # 1504
42981 # 1504
43031 # 1504
43081 # 1504
43131 # 1504
43181 # 1504
43231 # 1504
43281 # 1504
43331 # 1504
43381 # 1504
43431 # 1504
43481 # 1504
43531 # 1504
43581 # 1504
43631 # 1504
43681 # 1504
43731 # 1504
43781 # 1504
43831 # 1504
43881 # 1504
43931 # 1504
43981 # 1504
44031 # 1504
44081 # 1504
44131 # 1504
44181 # 1504
44231 # 1504
44281 # 1504
44331 # 1504
44381 # 1504
44431 # 1504
44481 # 1504
44531 # 1504
44581 # 1504
44631 # 1504
44681 # 1504
44731 # 1504
44781 # 1504
44831 # 1504
44881 # 1504
44931 # 1504
44981 # 1504
45031 # 1504
45081 # 1504
45131 # 1504
45181 # 1504
45231 # 1504
45281 # 1504
45331 # 1504
45381 # 1504
45431 # 1504
45481 # 1504
45531 # 1504
45581 # 1504
45631 # 1504
45681 # 1504
45731 # 1504
45781 # 1504
45831 # 1504
45881 # 1504
45931 # 1504
45981 # 1504
46031 # 1504
46081 # 1504
46131 # 1504
46181 # 1504
46231 # 1504
46281 # 1504
46331 # 1504
46381 # 1504
46431 # 1504
46481 # 1504
46531 # 1504
46581 # 1504
46631 # 1504
46681 # 1504
46731 # 1504
46781 # 1504
46831 # 1504
46881 # 1504
46931 # 1504
46981 # 1504
47031 # 1504
47081 # 1504
47131 # 1504
47181 # 1504
47231 # 1504
47281 # 1504
47331 # 1504
47381 # 1504
47431 # 1504
47481 # 1504
47531 # 1504
47581 # 1504
47631 # 1504
47681 # 1504
47731 # 1504
47781 # 1504
47831 # 1504
47881 # 1504
47931 # 1504
47981 # 1504
48031 # 1504
48081 # 1504
48131 # 1504
48181 # 1504
48231 # 1504
48281 # 1504
48331 # 1504
48381 # 1504
48431 # 1504
48481 # 1504
48531 # 1504
48581 # 1504
48631 # 1504
48681 # 1504
48731 # 1504
48781 # 1504
48831 # 1504
48881 # 1504
48931 # 1504
48981 # 1504
49031 # 1504
49081 # 1504
49131 # 1504
49181 # 1504
49231 # 1504
49281 # 1504
49331 # 1504
49381 # 1504
49431 # 1504
49481 # 1504
49531 # 1504
49581 # 1504
49631 # 1504
49681 # 1504
49731 # 1504
49781 # 1504
49831 # 1504
49881 # 1504
49931 # 1504
49981 # 1504
50031 # 1504
50081 # 1504
50131 # 1504
50181 # 1504
50231 # 1504
50281 # 1504
50331 # 1504
50381 # 1504
50431 # 1504
50481 # 1504
50531 # 1504
50581 # 1504
50631 # 1504
50681 # 1504
50731 # 1504
50781 # 1504
50831 # 1504
50881 # 1504
50931 # 1504
50981 # 1504
51031 # 1504
51081 # 1504
51131 # 1504
51181 # 1504
51231 # 1504
51281 # 1504
51331 # 1504
51381 # 1504
51431 # 1504
51481 # 1504
51531 # 1504
51581 # 1504
51631 # 1504
51681 # 1504
51731 # 1504
51781 # 1504
51831 # 1504
51881 # 1504
51931 # 1504
51981 # 1504
52031 # 1504
52081 # 1504
52131 # 1504
52181 # 1504
52231 # 1504
52281 # 1504
52331 # 1504
52381 # 1504
52431 # 1504
52481 # 1504
52531 # 1504
52581 # 1504
52631 # 1504
52681 # 1504
52731 # 1504
52781 # 1504
52831 # 1504
52881 # 1504
52931 # 1504
52981 # 1504
53031 # 1504
53081 # 1504
53131 # 1504
53181 # 1504
53231 # 1504
53281 # 1504
53331 # 1504
53381 # 1504
53431 # 1504
53481 # 1504
53531 # 1504
53581 # 1504
53631 # 1504
53681 # 1504
53731 # 1504
53781 # 1504
53831 # 1504
53881 # 1504
53931 # 1504
53981 # 1504
54031 # 1504
54081 # 1504
54131 # 1504
54181 # 1504
54231 # 1504
54281 # 1504
54331 # 1504
54381 # 1504
54431 # 1504
54481 # 1504
54531 # 1504
54581 # 1504
54631 # 1504
54681 # 1504
54731 # 1504
54781 # 1504
54831 # 1504
54881 # 1504
54931 # 1504
54981 # 1504
55031 # 1504
55081 # 1504
55131 # 1504
55181 # 1504
55231 # 1504
55281 # 1504
55331 # 1504
55381 # 1504
55431 # 1504
55481 # 1504
55531 # 1504
55581 # 1504
55631 # 1504
55681 # 1504
55731 # 1504
55781 # 1504
55831 # 1504
55881 # 1504
55931 # 1504
55981 # 1504
56031 # 1504
56081 # 1504
56131 # 1504
56181 # 1504
56231 # 1504
56281 # 1504
56331 # 1504
56381 # 1504
56431 # 1504
56481 # 1504
56531 # 1504
56581 # 1504
56631 # 1504
56681 # 1504
56731 # 1504
56781 # 1504
56831 # 1504
56881 # 1504
56931 # 1504
56981 # 1504
57031 # 1504
57081 # 1504
57131 # 1504
57181 # 1504
57231 # 1504
57281 # 1504
57331 # 1504
57381 # 1504
57431 # 1504
57481 # 1504
57531 # 1504
57581 # 1504
57631 # 1504
57681 # 1504
57731 # 1504
57781 # 1504
57831 # 1504
57881 # 1504
57931 # 1504
57981 # 1504
58031 # 1504
58081 # 1504
58131 # 1504
58181 # 1504
58231 # 1504
58281 # 1504
58331 # 1504
58381 # 1504
58431 # 1504
58481 # 1504
58531 # 1504
58581 # 1504
58631 # 1504
58681 # 1504
58731 # 1504
58781 # 1504
58831 # 1504
58881 # 1504
58931 # 1504
58981 # 1504
59031 # 1504
59081 # 1504
59131 # 1504
59181 # 1504
59231 # 1504
59281 # 1504
59331 # 1504
59381 # 1504
59431 # 1504
59481 # 1504
59531 # 1504
59581 # 1504
59631 # 1504
59681 # 1504
59731 # 1504
59781 # 1504
59831 # 1504
59881 # 1504
59931 # 1504
59981 # 1504
60031 # 1504
60081 # 1504
60131 # 1504
60181 # 1504
60231 # 1504
60281 # 1504
60331 # 1504
60381 # 1504
60431 # 1504
60481 # 1504
60531 # 1504
60581 # 1504
60631 # 1504
60681 # 1504
60731 # 1504
60781 # 1504
60831 # 1504
60881 # 1504
60931 # 1504
60981 # 1504
61031 # 1504
61081 # 1504
61131 # 1504
61181 # 1504
61231 # 1504
61281 # 1504
61331 # 1504
61381 # 1504
61431 # 1504
61481 # 1504
61531 # 1504
61581 # 1504
61631 # 1504
61681 # 1504
61731 # 1504
61781 # 1504
61831 # 1504
61881 # 1504
61931 # 1504
61981 # 1504
62031 # 1504
62081 # 1504
62131 # 1504
62181 # 1504
62231 # 1504
62281 # 1504
62331 # 1504
62381 # 1504
62431 # 1504
62481 # 1504
62531 # 1504
62581 # 1504
62631 # 1504
62681 # 1504
62731 # 1504
62781 # 1504
62831 # 1504
62881 # 1504
62931 # 1504
62981 # 1504
63031 # 1504
63081 # 1504
63131 # 1504
63181 # 1504
63231 # 1504
63281 # 1504
63331 # 1504
63381 # 1504
63431 # 1504
63481 # 1504
63531 # 1504
63581 # 1504
63631 # 1504
63681 # 1504
63731 # 1504
63781 # 1504
63831 # 1504
63881 # 1504
63931 # 1504
63981 # 1504
64031 # 1504
64081 # 1504
64131 # 1504
64181 # 1504
64231 # 1504
