# mahimahi mm-link (Downlink) [50mbps.trace] > /home/onojavoo/pantheon/data_profileA/vegas_mm_acklink_run1.log
# command line: 'mm-link' '50mbps.trace' '50mbps.trace' '--uplink-log=/home/onojavoo/pantheon/data_profileA/vegas_mm_datalink_run1.log' '--downlink-log=/home/onojavoo/pantheon/data_profileA/vegas_mm_acklink_run1.log' 'python' '/home/onojavoo/pantheon/src/experiments/tunnel_manager.py'
# queue: infinite
# init timestamp: 1744826227512
# base timestamp: 307
# mahimahi config: [delay 10 ms] 
307 + 80
307 + 52
307 + 80
357 # 1504
357 - 80 50
357 - 52 50
357 - 80 50
387 + 80
407 # 1504
407 - 80 20
457 # 1504
492 + 80
507 # 1504
507 - 80 15
557 # 1504
607 # 1504
657 # 1504
707 # 1504
757 # 1504
788 + 40
807 # 1504
807 - 40 19
857 # 1504
907 # 1504
957 # 1504
1007 # 1504
1057 # 1504
1107 # 1504
1157 # 1504
1207 # 1504
1257 # 1504
1307 # 1504
1357 # 1504
1407 # 1504
1457 # 1504
1507 # 1504
1557 # 1504
1607 # 1504
1657 # 1504
1707 # 1504
1757 # 1504
1807 # 1504
1857 # 1504
1907 # 1504
1957 # 1504
2007 # 1504
2057 # 1504
2107 # 1504
2157 # 1504
2207 # 1504
2257 # 1504
2307 # 1504
2357 # 1504
2407 # 1504
2457 # 1504
2507 # 1504
2557 # 1504
2607 # 1504
2657 # 1504
2707 # 1504
2757 # 1504
2807 # 1504
2857 # 1504
2907 # 1504
2957 # 1504
3007 # 1504
3057 # 1504
3107 # 1504
3157 # 1504
3207 # 1504
3257 # 1504
3307 # 1504
3357 # 1504
3407 # 1504
3457 # 1504
3507 # 1504
3557 # 1504
3607 # 1504
3657 # 1504
3707 # 1504
3757 # 1504
3807 # 1504
3857 # 1504
3907 # 1504
3957 # 1504
4007 # 1504
4057 # 1504
4107 # 1504
4157 # 1504
4207 # 1504
4257 # 1504
4307 # 1504
4354 + 52
4357 # 1504
4357 - 52 3
4407 # 1504
4457 # 1504
4507 # 1504
4557 # 1504
4607 # 1504
4657 # 1504
4707 # 1504
4757 # 1504
4807 # 1504
4857 # 1504
4907 # 1504
4957 # 1504
5007 # 1504
5057 # 1504
5107 # 1504
5157 # 1504
5207 # 1504
5257 # 1504
5307 # 1504
5357 # 1504
5407 # 1504
5457 # 1504
5507 # 1504
5557 # 1504
5607 # 1504
5657 # 1504
5707 # 1504
5757 # 1504
5807 # 1504
5857 # 1504
5907 # 1504
5957 # 1504
6007 # 1504
6057 # 1504
6107 # 1504
6157 # 1504
6207 # 1504
6257 # 1504
6307 # 1504
6357 # 1504
6407 # 1504
6457 # 1504
6507 # 1504
6557 # 1504
6607 # 1504
6657 # 1504
6707 # 1504
6757 # 1504
6807 # 1504
6857 # 1504
6907 # 1504
6957 # 1504
7007 # 1504
7057 # 1504
7107 # 1504
7157 # 1504
7207 # 1504
7257 # 1504
7307 # 1504
7357 # 1504
7407 # 1504
7457 # 1504
7507 # 1504
7557 # 1504
7607 # 1504
7657 # 1504
7707 # 1504
7757 # 1504
7807 # 1504
7857 # 1504
7907 # 1504
7957 # 1504
8007 # 1504
8057 # 1504
8107 # 1504
8157 # 1504
8207 # 1504
8257 # 1504
8307 # 1504
8357 # 1504
8407 # 1504
8457 # 1504
8507 # 1504
8557 # 1504
8607 # 1504
8657 # 1504
8707 # 1504
8757 # 1504
8807 # 1504
8857 # 1504
8907 # 1504
8957 # 1504
9007 # 1504
9057 # 1504
9107 # 1504
9157 # 1504
9207 # 1504
9257 # 1504
9307 # 1504
9357 # 1504
9407 # 1504
9457 # 1504
9507 # 1504
9557 # 1504
9607 # 1504
9657 # 1504
9707 # 1504
9757 # 1504
9807 # 1504
9857 # 1504
9907 # 1504
9957 # 1504
10007 # 1504
10057 # 1504
10107 # 1504
10157 # 1504
10207 # 1504
10257 # 1504
10307 # 1504
10357 # 1504
10407 # 1504
10457 # 1504
10507 # 1504
10557 # 1504
10607 # 1504
10657 # 1504
10707 # 1504
10757 # 1504
10807 # 1504
10857 # 1504
10907 # 1504
10957 # 1504
11007 # 1504
11057 # 1504
11107 # 1504
11157 # 1504
11207 # 1504
11257 # 1504
11307 # 1504
11357 # 1504
11407 # 1504
11457 # 1504
11507 # 1504
11557 # 1504
11607 # 1504
11657 # 1504
11707 # 1504
11757 # 1504
11807 # 1504
11857 # 1504
11907 # 1504
11957 # 1504
12007 # 1504
12057 # 1504
12107 # 1504
12157 # 1504
12207 # 1504
12257 # 1504
12307 # 1504
12357 # 1504
12407 # 1504
12457 # 1504
12507 # 1504
12557 # 1504
12607 # 1504
12657 # 1504
12707 # 1504
12757 # 1504
12807 # 1504
12857 # 1504
12907 # 1504
12957 # 1504
13007 # 1504
13057 # 1504
13107 # 1504
13157 # 1504
13207 # 1504
13257 # 1504
13307 # 1504
13357 # 1504
13407 # 1504
13457 # 1504
13507 # 1504
13557 # 1504
13570 + 52
13607 # 1504
13607 - 52 37
13657 # 1504
13707 # 1504
13757 # 1504
13807 # 1504
13857 # 1504
13907 # 1504
13957 # 1504
14007 # 1504
14057 # 1504
14107 # 1504
14157 # 1504
14207 # 1504
14257 # 1504
14307 # 1504
14357 # 1504
14407 # 1504
14457 # 1504
14507 # 1504
14557 # 1504
14607 # 1504
14657 # 1504
14707 # 1504
14757 # 1504
14807 # 1504
14857 # 1504
14907 # 1504
14957 # 1504
15007 # 1504
15057 # 1504
15107 # 1504
15157 # 1504
15207 # 1504
15257 # 1504
15307 # 1504
15357 # 1504
15407 # 1504
15457 # 1504
15507 # 1504
15557 # 1504
15607 # 1504
15657 # 1504
15707 # 1504
15757 # 1504
15807 # 1504
15857 # 1504
15907 # 1504
15957 # 1504
16007 # 1504
16057 # 1504
16107 # 1504
16157 # 1504
16207 # 1504
16257 # 1504
16307 # 1504
16357 # 1504
16407 # 1504
16457 # 1504
16507 # 1504
16557 # 1504
16607 # 1504
16657 # 1504
16707 # 1504
16757 # 1504
16807 # 1504
16857 # 1504
16907 # 1504
16957 # 1504
17007 # 1504
17057 # 1504
17107 # 1504
17157 # 1504
17207 # 1504
17257 # 1504
17307 # 1504
17357 # 1504
17407 # 1504
17457 # 1504
17507 # 1504
17557 # 1504
17607 # 1504
17657 # 1504
17707 # 1504
17757 # 1504
17807 # 1504
17857 # 1504
17907 # 1504
17957 # 1504
18007 # 1504
18057 # 1504
18107 # 1504
18157 # 1504
18207 # 1504
18257 # 1504
18307 # 1504
18357 # 1504
18407 # 1504
18457 # 1504
18507 # 1504
18557 # 1504
18607 # 1504
18657 # 1504
18707 # 1504
18757 # 1504
18807 # 1504
18857 # 1504
18907 # 1504
18957 # 1504
19007 # 1504
19057 # 1504
19107 # 1504
19157 # 1504
19207 # 1504
19257 # 1504
19307 # 1504
19357 # 1504
19407 # 1504
19457 # 1504
19507 # 1504
19557 # 1504
19607 # 1504
19657 # 1504
19707 # 1504
19757 # 1504
19807 # 1504
19857 # 1504
19907 # 1504
19957 # 1504
20007 # 1504
20057 # 1504
20107 # 1504
20157 # 1504
20207 # 1504
20257 # 1504
20307 # 1504
20357 # 1504
20407 # 1504
20457 # 1504
20507 # 1504
20557 # 1504
20607 # 1504
20657 # 1504
20707 # 1504
20757 # 1504
20807 # 1504
20857 # 1504
20907 # 1504
20957 # 1504
21007 # 1504
21057 # 1504
21107 # 1504
21157 # 1504
21207 # 1504
21257 # 1504
21307 # 1504
21357 # 1504
21407 # 1504
21457 # 1504
21507 # 1504
21557 # 1504
21607 # 1504
21657 # 1504
21707 # 1504
21757 # 1504
21807 # 1504
21857 # 1504
21907 # 1504
21957 # 1504
22007 # 1504
22057 # 1504
22107 # 1504
22157 # 1504
22207 # 1504
22257 # 1504
22307 # 1504
22357 # 1504
22407 # 1504
22457 # 1504
22507 # 1504
22557 # 1504
22607 # 1504
22657 # 1504
22707 # 1504
22757 # 1504
22807 # 1504
22857 # 1504
22907 # 1504
22957 # 1504
23007 # 1504
23057 # 1504
23107 # 1504
23157 # 1504
23207 # 1504
23257 # 1504
23307 # 1504
23357 # 1504
23407 # 1504
23457 # 1504
23507 # 1504
23557 # 1504
23607 # 1504
23657 # 1504
23707 # 1504
23757 # 1504
23807 # 1504
23857 # 1504
23907 # 1504
23957 # 1504
24007 # 1504
24057 # 1504
24107 # 1504
24157 # 1504
24207 # 1504
24257 # 1504
24307 # 1504
24357 # 1504
24407 # 1504
24457 # 1504
24507 # 1504
24557 # 1504
24607 # 1504
24657 # 1504
24707 # 1504
24757 # 1504
24807 # 1504
24857 # 1504
24907 # 1504
24957 # 1504
25007 # 1504
25057 # 1504
25107 # 1504
25157 # 1504
25207 # 1504
25257 # 1504
25307 # 1504
25357 # 1504
25407 # 1504
25457 # 1504
25507 # 1504
25557 # 1504
25607 # 1504
25657 # 1504
25707 # 1504
25757 # 1504
25807 # 1504
25857 # 1504
25907 # 1504
25957 # 1504
26007 # 1504
26057 # 1504
26107 # 1504
26157 # 1504
26207 # 1504
26257 # 1504
26307 # 1504
26357 # 1504
26407 # 1504
26457 # 1504
26507 # 1504
26557 # 1504
26607 # 1504
26657 # 1504
26707 # 1504
26757 # 1504
26807 # 1504
26857 # 1504
26907 # 1504
26957 # 1504
27007 # 1504
27057 # 1504
27107 # 1504
27157 # 1504
27207 # 1504
27257 # 1504
27307 # 1504
27357 # 1504
27407 # 1504
27457 # 1504
27507 # 1504
27557 # 1504
27607 # 1504
27657 # 1504
27707 # 1504
27757 # 1504
27807 # 1504
27857 # 1504
27907 # 1504
27957 # 1504
28007 # 1504
28057 # 1504
28107 # 1504
28157 # 1504
28207 # 1504
28257 # 1504
28307 # 1504
28357 # 1504
28407 # 1504
28457 # 1504
28507 # 1504
28557 # 1504
28607 # 1504
28657 # 1504
28707 # 1504
28757 # 1504
28807 # 1504
28857 # 1504
28907 # 1504
28957 # 1504
29007 # 1504
29057 # 1504
29107 # 1504
29157 # 1504
29207 # 1504
29257 # 1504
29307 # 1504
29357 # 1504
29407 # 1504
29457 # 1504
29507 # 1504
29557 # 1504
29607 # 1504
29657 # 1504
29707 # 1504
29757 # 1504
29807 # 1504
29857 # 1504
29907 # 1504
29957 # 1504
30007 # 1504
30057 # 1504
30107 # 1504
30157 # 1504
30207 # 1504
30257 # 1504
30307 # 1504
30357 # 1504
30407 # 1504
30457 # 1504
30507 # 1504
30557 # 1504
30607 # 1504
30657 # 1504
30707 # 1504
30757 # 1504
30807 # 1504
30857 # 1504
30907 # 1504
30957 # 1504
31007 # 1504
31057 # 1504
31107 # 1504
31157 # 1504
31207 # 1504
31257 # 1504
31307 # 1504
31357 # 1504
31407 # 1504
31457 # 1504
31507 # 1504
31557 # 1504
31607 # 1504
31657 # 1504
31707 # 1504
31757 # 1504
31807 # 1504
31857 # 1504
31907 # 1504
31957 # 1504
32007 # 1504
32057 # 1504
32107 # 1504
32157 # 1504
32207 # 1504
32257 # 1504
32258 + 52
32307 # 1504
32307 - 52 49
32357 # 1504
32407 # 1504
32457 # 1504
32507 # 1504
32557 # 1504
32607 # 1504
32657 # 1504
32707 # 1504
32757 # 1504
32807 # 1504
32857 # 1504
32907 # 1504
32957 # 1504
33007 # 1504
33057 # 1504
33107 # 1504
33157 # 1504
33207 # 1504
33257 # 1504
33307 # 1504
33357 # 1504
33407 # 1504
33457 # 1504
33507 # 1504
33557 # 1504
33607 # 1504
33657 # 1504
33707 # 1504
33757 # 1504
33807 # 1504
33857 # 1504
33907 # 1504
33957 # 1504
34007 # 1504
34057 # 1504
34107 # 1504
34157 # 1504
34207 # 1504
34257 # 1504
34307 # 1504
34357 # 1504
34407 # 1504
34457 # 1504
34507 # 1504
34557 # 1504
34607 # 1504
34657 # 1504
34707 # 1504
34757 # 1504
34807 # 1504
34857 # 1504
34907 # 1504
34957 # 1504
35007 # 1504
35057 # 1504
35107 # 1504
35157 # 1504
35207 # 1504
35257 # 1504
35307 # 1504
35357 # 1504
35407 # 1504
35457 # 1504
35507 # 1504
35557 # 1504
35607 # 1504
35657 # 1504
35707 # 1504
35757 # 1504
35807 # 1504
35857 # 1504
35907 # 1504
35957 # 1504
36007 # 1504
36057 # 1504
36107 # 1504
36157 # 1504
36207 # 1504
36257 # 1504
36307 # 1504
36357 # 1504
36407 # 1504
36457 # 1504
36507 # 1504
36557 # 1504
36607 # 1504
36657 # 1504
36707 # 1504
36757 # 1504
36807 # 1504
36857 # 1504
36907 # 1504
36957 # 1504
37007 # 1504
37057 # 1504
37107 # 1504
37157 # 1504
37207 # 1504
37257 # 1504
37307 # 1504
37357 # 1504
37407 # 1504
37457 # 1504
37507 # 1504
37557 # 1504
37607 # 1504
37657 # 1504
37707 # 1504
37757 # 1504
37807 # 1504
37857 # 1504
37907 # 1504
37957 # 1504
38007 # 1504
38057 # 1504
38107 # 1504
38157 # 1504
38207 # 1504
38257 # 1504
38307 # 1504
38357 # 1504
38407 # 1504
38457 # 1504
38507 # 1504
38557 # 1504
38607 # 1504
38657 # 1504
38707 # 1504
38757 # 1504
38807 # 1504
38857 # 1504
38907 # 1504
38957 # 1504
39007 # 1504
39057 # 1504
39107 # 1504
39157 # 1504
39207 # 1504
39257 # 1504
39307 # 1504
39357 # 1504
39407 # 1504
39457 # 1504
39507 # 1504
39557 # 1504
39607 # 1504
39657 # 1504
39707 # 1504
39757 # 1504
39807 # 1504
39857 # 1504
39907 # 1504
39957 # 1504
40007 # 1504
40057 # 1504
40107 # 1504
40157 # 1504
40207 # 1504
40257 # 1504
40307 # 1504
40357 # 1504
40407 # 1504
40457 # 1504
40507 # 1504
40557 # 1504
40607 # 1504
40657 # 1504
40707 # 1504
40757 # 1504
40807 # 1504
40857 # 1504
40907 # 1504
40957 # 1504
41007 # 1504
41057 # 1504
41107 # 1504
41157 # 1504
41207 # 1504
41257 # 1504
41307 # 1504
41357 # 1504
41407 # 1504
41457 # 1504
41507 # 1504
41557 # 1504
41607 # 1504
41657 # 1504
41707 # 1504
41757 # 1504
41807 # 1504
41857 # 1504
41907 # 1504
41957 # 1504
42007 # 1504
42057 # 1504
42107 # 1504
42157 # 1504
42207 # 1504
42257 # 1504
42307 # 1504
42357 # 1504
42407 # 1504
42457 # 1504
42507 # 1504
42557 # 1504
42607 # 1504
42657 # 1504
42707 # 1504
42757 # 1504
42807 # 1504
42857 # 1504
42907 # 1504
42957 # 1504
43007 # 1504
43057 # 1504
43107 # 1504
43157 # 1504
43207 # 1504
43257 # 1504
43307 # 1504
43357 # 1504
43407 # 1504
43457 # 1504
43507 # 1504
43557 # 1504
43607 # 1504
43657 # 1504
43707 # 1504
43757 # 1504
43807 # 1504
43857 # 1504
43907 # 1504
43957 # 1504
44007 # 1504
44057 # 1504
44107 # 1504
44157 # 1504
44207 # 1504
44257 # 1504
44307 # 1504
44357 # 1504
44407 # 1504
44457 # 1504
44507 # 1504
44557 # 1504
44607 # 1504
44657 # 1504
44707 # 1504
44757 # 1504
44807 # 1504
44857 # 1504
44907 # 1504
44957 # 1504
45007 # 1504
45057 # 1504
45107 # 1504
45157 # 1504
45207 # 1504
45257 # 1504
45307 # 1504
45357 # 1504
45407 # 1504
45457 # 1504
45507 # 1504
45557 # 1504
45607 # 1504
45657 # 1504
45707 # 1504
45757 # 1504
45807 # 1504
45857 # 1504
45907 # 1504
45957 # 1504
46007 # 1504
46057 # 1504
46107 # 1504
46157 # 1504
46207 # 1504
46257 # 1504
46307 # 1504
46357 # 1504
46407 # 1504
46457 # 1504
46507 # 1504
46557 # 1504
46607 # 1504
46657 # 1504
46707 # 1504
46757 # 1504
46807 # 1504
46857 # 1504
46907 # 1504
46957 # 1504
47007 # 1504
47057 # 1504
47107 # 1504
47157 # 1504
47207 # 1504
47257 # 1504
47307 # 1504
47357 # 1504
47407 # 1504
47457 # 1504
47507 # 1504
47557 # 1504
47607 # 1504
47657 # 1504
47707 # 1504
47757 # 1504
47807 # 1504
47857 # 1504
47907 # 1504
47957 # 1504
48007 # 1504
48057 # 1504
48107 # 1504
48157 # 1504
48207 # 1504
48257 # 1504
48307 # 1504
48357 # 1504
48407 # 1504
48457 # 1504
48507 # 1504
48557 # 1504
48607 # 1504
48657 # 1504
48707 # 1504
48757 # 1504
48807 # 1504
48857 # 1504
48907 # 1504
48957 # 1504
49007 # 1504
49057 # 1504
49107 # 1504
49157 # 1504
49207 # 1504
49257 # 1504
49307 # 1504
49357 # 1504
49407 # 1504
49457 # 1504
49507 # 1504
49557 # 1504
49607 # 1504
49657 # 1504
49707 # 1504
49757 # 1504
49807 # 1504
49857 # 1504
49907 # 1504
49957 # 1504
50007 # 1504
50057 # 1504
50107 # 1504
50157 # 1504
50207 # 1504
50257 # 1504
50307 # 1504
50357 # 1504
50407 # 1504
50457 # 1504
50507 # 1504
50557 # 1504
50607 # 1504
50657 # 1504
50707 # 1504
50757 # 1504
50807 # 1504
50857 # 1504
50907 # 1504
50957 # 1504
51007 # 1504
51057 # 1504
51107 # 1504
51157 # 1504
51207 # 1504
51257 # 1504
51307 # 1504
51357 # 1504
51407 # 1504
51457 # 1504
51507 # 1504
51557 # 1504
51607 # 1504
51657 # 1504
51707 # 1504
51757 # 1504
51807 # 1504
51857 # 1504
51907 # 1504
51957 # 1504
52007 # 1504
52057 # 1504
52107 # 1504
52157 # 1504
52207 # 1504
52257 # 1504
52307 # 1504
52357 # 1504
52407 # 1504
52457 # 1504
52507 # 1504
52557 # 1504
52607 # 1504
52657 # 1504
52707 # 1504
52757 # 1504
52807 # 1504
52857 # 1504
52907 # 1504
52957 # 1504
53007 # 1504
53057 # 1504
53107 # 1504
53157 # 1504
53207 # 1504
53257 # 1504
53307 # 1504
53357 # 1504
53407 # 1504
53457 # 1504
53507 # 1504
53557 # 1504
53607 # 1504
53657 # 1504
53707 # 1504
53757 # 1504
53807 # 1504
53857 # 1504
53907 # 1504
53957 # 1504
54007 # 1504
54057 # 1504
54107 # 1504
54157 # 1504
54207 # 1504
54257 # 1504
54307 # 1504
54357 # 1504
54407 # 1504
54457 # 1504
54507 # 1504
54557 # 1504
54607 # 1504
54657 # 1504
54707 # 1504
54757 # 1504
54807 # 1504
54857 # 1504
54907 # 1504
54957 # 1504
55007 # 1504
55057 # 1504
55107 # 1504
55157 # 1504
55207 # 1504
55257 # 1504
55307 # 1504
55357 # 1504
55407 # 1504
55457 # 1504
55507 # 1504
55557 # 1504
55607 # 1504
55657 # 1504
55707 # 1504
55757 # 1504
55807 # 1504
55857 # 1504
55907 # 1504
55957 # 1504
56007 # 1504
56057 # 1504
56107 # 1504
56157 # 1504
56207 # 1504
56257 # 1504
56307 # 1504
56357 # 1504
56407 # 1504
56457 # 1504
56507 # 1504
56557 # 1504
56607 # 1504
56657 # 1504
56707 # 1504
56757 # 1504
56807 # 1504
56857 # 1504
56907 # 1504
56957 # 1504
57007 # 1504
57057 # 1504
57107 # 1504
57157 # 1504
57207 # 1504
57257 # 1504
57307 # 1504
57357 # 1504
57407 # 1504
57457 # 1504
57507 # 1504
57557 # 1504
57607 # 1504
57657 # 1504
57707 # 1504
57757 # 1504
57807 # 1504
57857 # 1504
57907 # 1504
57957 # 1504
58007 # 1504
58057 # 1504
58107 # 1504
58157 # 1504
58207 # 1504
58257 # 1504
58307 # 1504
58357 # 1504
58407 # 1504
58457 # 1504
58507 # 1504
58557 # 1504
58607 # 1504
58657 # 1504
58707 # 1504
58757 # 1504
58807 # 1504
58857 # 1504
58907 # 1504
58957 # 1504
59007 # 1504
59057 # 1504
59107 # 1504
59157 # 1504
59207 # 1504
59257 # 1504
59307 # 1504
59357 # 1504
59407 # 1504
59457 # 1504
59507 # 1504
59557 # 1504
59607 # 1504
59657 # 1504
59707 # 1504
59757 # 1504
59807 # 1504
59857 # 1504
59907 # 1504
59957 # 1504
60007 # 1504
60057 # 1504
60107 # 1504
60157 # 1504
60207 # 1504
60257 # 1504
60307 # 1504
60357 # 1504
60407 # 1504
60457 # 1504
60507 # 1504
60557 # 1504
60607 # 1504
60657 # 1504
60707 # 1504
60757 # 1504
60807 # 1504
60857 # 1504
60907 # 1504
60957 # 1504
61007 # 1504
61057 # 1504
61107 # 1504
61157 # 1504
61207 # 1504
61257 # 1504
61307 # 1504
61357 # 1504
61407 # 1504
61457 # 1504
61507 # 1504
61557 # 1504
61607 # 1504
61657 # 1504
61707 # 1504
61757 # 1504
61807 # 1504
61857 # 1504
61907 # 1504
61957 # 1504
62007 # 1504
62057 # 1504
62107 # 1504
62157 # 1504
62207 # 1504
62257 # 1504
62307 # 1504
62357 # 1504
62407 # 1504
62457 # 1504
62507 # 1504
62557 # 1504
62607 # 1504
62657 # 1504
62707 # 1504
62757 # 1504
62807 # 1504
62857 # 1504
62907 # 1504
62957 # 1504
63007 # 1504
63057 # 1504
63107 # 1504
63157 # 1504
63207 # 1504
63257 # 1504
63307 # 1504
63357 # 1504
63407 # 1504
63457 # 1504
63507 # 1504
63557 # 1504
63607 # 1504
63657 # 1504
63707 # 1504
63757 # 1504
63807 # 1504
63857 # 1504
63907 # 1504
63957 # 1504
64007 # 1504
64057 # 1504
